{"date":"Sun Feb 01 2026 22:41:39 GMT+0300 (Arabian Standard Time)","error":{"diagnosticCodes":[2304,2304]},"exception":true,"level":"error","message":"uncaughtException: ‚®Ø Unable to compile TypeScript:\n\u001b[96mcontrollers/MaterialController.ts\u001b[0m:\u001b[93m310\u001b[0m:\u001b[93m5\u001b[0m - \u001b[91merror\u001b[0m\u001b[90m TS2304: \u001b[0mCannot find name 'logger'.\r\n\r\n\u001b[7m310\u001b[0m     logger.info('üîç [getTeacherMaterials] Fetching materials for teacher:', teacher.id.toString());\r\n\u001b[7m   \u001b[0m \u001b[91m    ~~~~~~\u001b[0m\r\n\u001b[96mcontrollers/MaterialController.ts\u001b[0m:\u001b[93m349\u001b[0m:\u001b[93m5\u001b[0m - \u001b[91merror\u001b[0m\u001b[90m TS2304: \u001b[0mCannot find name 'logger'.\r\n\r\n\u001b[7m349\u001b[0m     logger.info('‚úÖ [getTeacherMaterials] Found', safeMaterials.length, 'materials');\r\n\u001b[7m   \u001b[0m \u001b[91m    ~~~~~~\u001b[0m\r\n\nTSError: ‚®Ø Unable to compile TypeScript:\n\u001b[96mcontrollers/MaterialController.ts\u001b[0m:\u001b[93m310\u001b[0m:\u001b[93m5\u001b[0m - \u001b[91merror\u001b[0m\u001b[90m TS2304: \u001b[0mCannot find name 'logger'.\r\n\r\n\u001b[7m310\u001b[0m     logger.info('üîç [getTeacherMaterials] Fetching materials for teacher:', teacher.id.toString());\r\n\u001b[7m   \u001b[0m \u001b[91m    ~~~~~~\u001b[0m\r\n\u001b[96mcontrollers/MaterialController.ts\u001b[0m:\u001b[93m349\u001b[0m:\u001b[93m5\u001b[0m - \u001b[91merror\u001b[0m\u001b[90m TS2304: \u001b[0mCannot find name 'logger'.\r\n\r\n\u001b[7m349\u001b[0m     logger.info('‚úÖ [getTeacherMaterials] Found', safeMaterials.length, 'materials');\r\n\u001b[7m   \u001b[0m \u001b[91m    ~~~~~~\u001b[0m\r\n\n    at createTSError (C:\\Users\\Lenovo\\Desktop\\Student-Attendance-System\\Back-end\\node_modules\\ts-node\\src\\index.ts:859:12)\n    at reportTSError (C:\\Users\\Lenovo\\Desktop\\Student-Attendance-System\\Back-end\\node_modules\\ts-node\\src\\index.ts:863:19)\n    at getOutput (C:\\Users\\Lenovo\\Desktop\\Student-Attendance-System\\Back-end\\node_modules\\ts-node\\src\\index.ts:1077:36)\n    at Object.compile (C:\\Users\\Lenovo\\Desktop\\Student-Attendance-System\\Back-end\\node_modules\\ts-node\\src\\index.ts:1433:41)\n    at Module.m._compile (C:\\Users\\Lenovo\\Desktop\\Student-Attendance-System\\Back-end\\node_modules\\ts-node\\src\\index.ts:1617:30)\n    at node:internal/modules/cjs/loader:1893:10\n    at Object.require.extensions.<computed> [as .ts] (C:\\Users\\Lenovo\\Desktop\\Student-Attendance-System\\Back-end\\node_modules\\ts-node\\src\\index.ts:1621:12)\n    at Module.load (node:internal/modules/cjs/loader:1480:32)\n    at Module._load (node:internal/modules/cjs/loader:1299:12)\n    at TracingChannel.traceSync (node:diagnostics_channel:328:14)","os":{"loadavg":[0,0,0],"uptime":836621.562},"process":{"argv":["C:\\Users\\Lenovo\\Desktop\\Student-Attendance-System\\Back-end\\node_modules\\ts-node\\dist\\bin.js","C:\\Users\\Lenovo\\Desktop\\Student-Attendance-System\\Back-end\\src\\server.ts"],"cwd":"C:\\Users\\Lenovo\\Desktop\\Student-Attendance-System\\Back-end","execPath":"C:\\Program Files\\nodejs\\node.exe","gid":null,"memoryUsage":{"arrayBuffers":7164730,"external":10720540,"heapTotal":2140499968,"heapUsed":2042230664,"rss":2256687104},"pid":24348,"uid":null,"version":"v24.10.0"},"stack":"TSError: ‚®Ø Unable to compile TypeScript:\n\u001b[96mcontrollers/MaterialController.ts\u001b[0m:\u001b[93m310\u001b[0m:\u001b[93m5\u001b[0m - \u001b[91merror\u001b[0m\u001b[90m TS2304: \u001b[0mCannot find name 'logger'.\r\n\r\n\u001b[7m310\u001b[0m     logger.info('üîç [getTeacherMaterials] Fetching materials for teacher:', teacher.id.toString());\r\n\u001b[7m   \u001b[0m \u001b[91m    ~~~~~~\u001b[0m\r\n\u001b[96mcontrollers/MaterialController.ts\u001b[0m:\u001b[93m349\u001b[0m:\u001b[93m5\u001b[0m - \u001b[91merror\u001b[0m\u001b[90m TS2304: \u001b[0mCannot find name 'logger'.\r\n\r\n\u001b[7m349\u001b[0m     logger.info('‚úÖ [getTeacherMaterials] Found', safeMaterials.length, 'materials');\r\n\u001b[7m   \u001b[0m \u001b[91m    ~~~~~~\u001b[0m\r\n\n    at createTSError (C:\\Users\\Lenovo\\Desktop\\Student-Attendance-System\\Back-end\\node_modules\\ts-node\\src\\index.ts:859:12)\n    at reportTSError (C:\\Users\\Lenovo\\Desktop\\Student-Attendance-System\\Back-end\\node_modules\\ts-node\\src\\index.ts:863:19)\n    at getOutput (C:\\Users\\Lenovo\\Desktop\\Student-Attendance-System\\Back-end\\node_modules\\ts-node\\src\\index.ts:1077:36)\n    at Object.compile (C:\\Users\\Lenovo\\Desktop\\Student-Attendance-System\\Back-end\\node_modules\\ts-node\\src\\index.ts:1433:41)\n    at Module.m._compile (C:\\Users\\Lenovo\\Desktop\\Student-Attendance-System\\Back-end\\node_modules\\ts-node\\src\\index.ts:1617:30)\n    at node:internal/modules/cjs/loader:1893:10\n    at Object.require.extensions.<computed> [as .ts] (C:\\Users\\Lenovo\\Desktop\\Student-Attendance-System\\Back-end\\node_modules\\ts-node\\src\\index.ts:1621:12)\n    at Module.load (node:internal/modules/cjs/loader:1480:32)\n    at Module._load (node:internal/modules/cjs/loader:1299:12)\n    at TracingChannel.traceSync (node:diagnostics_channel:328:14)","trace":[{"column":12,"file":"C:\\Users\\Lenovo\\Desktop\\Student-Attendance-System\\Back-end\\node_modules\\ts-node\\src\\index.ts","function":"createTSError","line":859,"method":null,"native":false},{"column":19,"file":"C:\\Users\\Lenovo\\Desktop\\Student-Attendance-System\\Back-end\\node_modules\\ts-node\\src\\index.ts","function":"reportTSError","line":863,"method":null,"native":false},{"column":36,"file":"C:\\Users\\Lenovo\\Desktop\\Student-Attendance-System\\Back-end\\node_modules\\ts-node\\src\\index.ts","function":"getOutput","line":1077,"method":null,"native":false},{"column":41,"file":"C:\\Users\\Lenovo\\Desktop\\Student-Attendance-System\\Back-end\\node_modules\\ts-node\\src\\index.ts","function":"Object.compile","line":1433,"method":"compile","native":false},{"column":30,"file":"C:\\Users\\Lenovo\\Desktop\\Student-Attendance-System\\Back-end\\node_modules\\ts-node\\src\\index.ts","function":"Module.m._compile","line":1617,"method":"_compile","native":false},{"column":10,"file":"node:internal/modules/cjs/loader","function":null,"line":1893,"method":null,"native":false},{"column":12,"file":"C:\\Users\\Lenovo\\Desktop\\Student-Attendance-System\\Back-end\\node_modules\\ts-node\\src\\index.ts","function":"Object.require.extensions.<computed> [as .ts]","line":1621,"method":"ts]","native":false},{"column":32,"file":"node:internal/modules/cjs/loader","function":"Module.load","line":1480,"method":"load","native":false},{"column":12,"file":"node:internal/modules/cjs/loader","function":"Module._load","line":1299,"method":"_load","native":false},{"column":14,"file":"node:diagnostics_channel","function":"TracingChannel.traceSync","line":328,"method":"traceSync","native":false}]}
{"date":"Sun Feb 01 2026 22:42:34 GMT+0300 (Arabian Standard Time)","error":{"diagnosticCodes":[2304,2304]},"exception":true,"level":"error","message":"uncaughtException: ‚®Ø Unable to compile TypeScript:\n\u001b[96mcontrollers/MaterialController.ts\u001b[0m:\u001b[93m310\u001b[0m:\u001b[93m5\u001b[0m - \u001b[91merror\u001b[0m\u001b[90m TS2304: \u001b[0mCannot find name 'logger'.\r\n\r\n\u001b[7m310\u001b[0m     logger.info('üîç [getTeacherMaterials] Fetching materials for teacher:', teacher.id.toString());\r\n\u001b[7m   \u001b[0m \u001b[91m    ~~~~~~\u001b[0m\r\n\u001b[96mcontrollers/MaterialController.ts\u001b[0m:\u001b[93m349\u001b[0m:\u001b[93m5\u001b[0m - \u001b[91merror\u001b[0m\u001b[90m TS2304: \u001b[0mCannot find name 'logger'.\r\n\r\n\u001b[7m349\u001b[0m     logger.info('‚úÖ [getTeacherMaterials] Found', safeMaterials.length, 'materials');\r\n\u001b[7m   \u001b[0m \u001b[91m    ~~~~~~\u001b[0m\r\n\nTSError: ‚®Ø Unable to compile TypeScript:\n\u001b[96mcontrollers/MaterialController.ts\u001b[0m:\u001b[93m310\u001b[0m:\u001b[93m5\u001b[0m - \u001b[91merror\u001b[0m\u001b[90m TS2304: \u001b[0mCannot find name 'logger'.\r\n\r\n\u001b[7m310\u001b[0m     logger.info('üîç [getTeacherMaterials] Fetching materials for teacher:', teacher.id.toString());\r\n\u001b[7m   \u001b[0m \u001b[91m    ~~~~~~\u001b[0m\r\n\u001b[96mcontrollers/MaterialController.ts\u001b[0m:\u001b[93m349\u001b[0m:\u001b[93m5\u001b[0m - \u001b[91merror\u001b[0m\u001b[90m TS2304: \u001b[0mCannot find name 'logger'.\r\n\r\n\u001b[7m349\u001b[0m     logger.info('‚úÖ [getTeacherMaterials] Found', safeMaterials.length, 'materials');\r\n\u001b[7m   \u001b[0m \u001b[91m    ~~~~~~\u001b[0m\r\n\n    at createTSError (C:\\Users\\Lenovo\\Desktop\\Student-Attendance-System\\Back-end\\node_modules\\ts-node\\src\\index.ts:859:12)\n    at reportTSError (C:\\Users\\Lenovo\\Desktop\\Student-Attendance-System\\Back-end\\node_modules\\ts-node\\src\\index.ts:863:19)\n    at getOutput (C:\\Users\\Lenovo\\Desktop\\Student-Attendance-System\\Back-end\\node_modules\\ts-node\\src\\index.ts:1077:36)\n    at Object.compile (C:\\Users\\Lenovo\\Desktop\\Student-Attendance-System\\Back-end\\node_modules\\ts-node\\src\\index.ts:1433:41)\n    at Module.m._compile (C:\\Users\\Lenovo\\Desktop\\Student-Attendance-System\\Back-end\\node_modules\\ts-node\\src\\index.ts:1617:30)\n    at node:internal/modules/cjs/loader:1893:10\n    at Object.require.extensions.<computed> [as .ts] (C:\\Users\\Lenovo\\Desktop\\Student-Attendance-System\\Back-end\\node_modules\\ts-node\\src\\index.ts:1621:12)\n    at Module.load (node:internal/modules/cjs/loader:1480:32)\n    at Module._load (node:internal/modules/cjs/loader:1299:12)\n    at TracingChannel.traceSync (node:diagnostics_channel:328:14)","os":{"loadavg":[0,0,0],"uptime":836676.75},"process":{"argv":["C:\\Users\\Lenovo\\Desktop\\Student-Attendance-System\\Back-end\\node_modules\\ts-node\\dist\\bin.js","C:\\Users\\Lenovo\\Desktop\\Student-Attendance-System\\Back-end\\src\\server.ts"],"cwd":"C:\\Users\\Lenovo\\Desktop\\Student-Attendance-System\\Back-end","execPath":"C:\\Program Files\\nodejs\\node.exe","gid":null,"memoryUsage":{"arrayBuffers":7806252,"external":11362062,"heapTotal":2137092096,"heapUsed":2052057440,"rss":2253688832},"pid":55844,"uid":null,"version":"v24.10.0"},"stack":"TSError: ‚®Ø Unable to compile TypeScript:\n\u001b[96mcontrollers/MaterialController.ts\u001b[0m:\u001b[93m310\u001b[0m:\u001b[93m5\u001b[0m - \u001b[91merror\u001b[0m\u001b[90m TS2304: \u001b[0mCannot find name 'logger'.\r\n\r\n\u001b[7m310\u001b[0m     logger.info('üîç [getTeacherMaterials] Fetching materials for teacher:', teacher.id.toString());\r\n\u001b[7m   \u001b[0m \u001b[91m    ~~~~~~\u001b[0m\r\n\u001b[96mcontrollers/MaterialController.ts\u001b[0m:\u001b[93m349\u001b[0m:\u001b[93m5\u001b[0m - \u001b[91merror\u001b[0m\u001b[90m TS2304: \u001b[0mCannot find name 'logger'.\r\n\r\n\u001b[7m349\u001b[0m     logger.info('‚úÖ [getTeacherMaterials] Found', safeMaterials.length, 'materials');\r\n\u001b[7m   \u001b[0m \u001b[91m    ~~~~~~\u001b[0m\r\n\n    at createTSError (C:\\Users\\Lenovo\\Desktop\\Student-Attendance-System\\Back-end\\node_modules\\ts-node\\src\\index.ts:859:12)\n    at reportTSError (C:\\Users\\Lenovo\\Desktop\\Student-Attendance-System\\Back-end\\node_modules\\ts-node\\src\\index.ts:863:19)\n    at getOutput (C:\\Users\\Lenovo\\Desktop\\Student-Attendance-System\\Back-end\\node_modules\\ts-node\\src\\index.ts:1077:36)\n    at Object.compile (C:\\Users\\Lenovo\\Desktop\\Student-Attendance-System\\Back-end\\node_modules\\ts-node\\src\\index.ts:1433:41)\n    at Module.m._compile (C:\\Users\\Lenovo\\Desktop\\Student-Attendance-System\\Back-end\\node_modules\\ts-node\\src\\index.ts:1617:30)\n    at node:internal/modules/cjs/loader:1893:10\n    at Object.require.extensions.<computed> [as .ts] (C:\\Users\\Lenovo\\Desktop\\Student-Attendance-System\\Back-end\\node_modules\\ts-node\\src\\index.ts:1621:12)\n    at Module.load (node:internal/modules/cjs/loader:1480:32)\n    at Module._load (node:internal/modules/cjs/loader:1299:12)\n    at TracingChannel.traceSync (node:diagnostics_channel:328:14)","trace":[{"column":12,"file":"C:\\Users\\Lenovo\\Desktop\\Student-Attendance-System\\Back-end\\node_modules\\ts-node\\src\\index.ts","function":"createTSError","line":859,"method":null,"native":false},{"column":19,"file":"C:\\Users\\Lenovo\\Desktop\\Student-Attendance-System\\Back-end\\node_modules\\ts-node\\src\\index.ts","function":"reportTSError","line":863,"method":null,"native":false},{"column":36,"file":"C:\\Users\\Lenovo\\Desktop\\Student-Attendance-System\\Back-end\\node_modules\\ts-node\\src\\index.ts","function":"getOutput","line":1077,"method":null,"native":false},{"column":41,"file":"C:\\Users\\Lenovo\\Desktop\\Student-Attendance-System\\Back-end\\node_modules\\ts-node\\src\\index.ts","function":"Object.compile","line":1433,"method":"compile","native":false},{"column":30,"file":"C:\\Users\\Lenovo\\Desktop\\Student-Attendance-System\\Back-end\\node_modules\\ts-node\\src\\index.ts","function":"Module.m._compile","line":1617,"method":"_compile","native":false},{"column":10,"file":"node:internal/modules/cjs/loader","function":null,"line":1893,"method":null,"native":false},{"column":12,"file":"C:\\Users\\Lenovo\\Desktop\\Student-Attendance-System\\Back-end\\node_modules\\ts-node\\src\\index.ts","function":"Object.require.extensions.<computed> [as .ts]","line":1621,"method":"ts]","native":false},{"column":32,"file":"node:internal/modules/cjs/loader","function":"Module.load","line":1480,"method":"load","native":false},{"column":12,"file":"node:internal/modules/cjs/loader","function":"Module._load","line":1299,"method":"_load","native":false},{"column":14,"file":"node:diagnostics_channel","function":"TracingChannel.traceSync","line":328,"method":"traceSync","native":false}]}
{"date":"Sun Feb 01 2026 22:44:29 GMT+0300 (Arabian Standard Time)","error":{"diagnosticCodes":[2304,2304]},"exception":true,"level":"error","message":"uncaughtException: ‚®Ø Unable to compile TypeScript:\n\u001b[96mcontrollers/MaterialController.ts\u001b[0m:\u001b[93m310\u001b[0m:\u001b[93m5\u001b[0m - \u001b[91merror\u001b[0m\u001b[90m TS2304: \u001b[0mCannot find name 'logger'.\r\n\r\n\u001b[7m310\u001b[0m     logger.info('üîç [getTeacherMaterials] Fetching materials for teacher:', teacher.id.toString());\r\n\u001b[7m   \u001b[0m \u001b[91m    ~~~~~~\u001b[0m\r\n\u001b[96mcontrollers/MaterialController.ts\u001b[0m:\u001b[93m349\u001b[0m:\u001b[93m5\u001b[0m - \u001b[91merror\u001b[0m\u001b[90m TS2304: \u001b[0mCannot find name 'logger'.\r\n\r\n\u001b[7m349\u001b[0m     logger.info('‚úÖ [getTeacherMaterials] Found', safeMaterials.length, 'materials');\r\n\u001b[7m   \u001b[0m \u001b[91m    ~~~~~~\u001b[0m\r\n\nTSError: ‚®Ø Unable to compile TypeScript:\n\u001b[96mcontrollers/MaterialController.ts\u001b[0m:\u001b[93m310\u001b[0m:\u001b[93m5\u001b[0m - \u001b[91merror\u001b[0m\u001b[90m TS2304: \u001b[0mCannot find name 'logger'.\r\n\r\n\u001b[7m310\u001b[0m     logger.info('üîç [getTeacherMaterials] Fetching materials for teacher:', teacher.id.toString());\r\n\u001b[7m   \u001b[0m \u001b[91m    ~~~~~~\u001b[0m\r\n\u001b[96mcontrollers/MaterialController.ts\u001b[0m:\u001b[93m349\u001b[0m:\u001b[93m5\u001b[0m - \u001b[91merror\u001b[0m\u001b[90m TS2304: \u001b[0mCannot find name 'logger'.\r\n\r\n\u001b[7m349\u001b[0m     logger.info('‚úÖ [getTeacherMaterials] Found', safeMaterials.length, 'materials');\r\n\u001b[7m   \u001b[0m \u001b[91m    ~~~~~~\u001b[0m\r\n\n    at createTSError (C:\\Users\\Lenovo\\Desktop\\Student-Attendance-System\\Back-end\\node_modules\\ts-node\\src\\index.ts:859:12)\n    at reportTSError (C:\\Users\\Lenovo\\Desktop\\Student-Attendance-System\\Back-end\\node_modules\\ts-node\\src\\index.ts:863:19)\n    at getOutput (C:\\Users\\Lenovo\\Desktop\\Student-Attendance-System\\Back-end\\node_modules\\ts-node\\src\\index.ts:1077:36)\n    at Object.compile (C:\\Users\\Lenovo\\Desktop\\Student-Attendance-System\\Back-end\\node_modules\\ts-node\\src\\index.ts:1433:41)\n    at Module.m._compile (C:\\Users\\Lenovo\\Desktop\\Student-Attendance-System\\Back-end\\node_modules\\ts-node\\src\\index.ts:1617:30)\n    at node:internal/modules/cjs/loader:1893:10\n    at Object.require.extensions.<computed> [as .ts] (C:\\Users\\Lenovo\\Desktop\\Student-Attendance-System\\Back-end\\node_modules\\ts-node\\src\\index.ts:1621:12)\n    at Module.load (node:internal/modules/cjs/loader:1480:32)\n    at Module._load (node:internal/modules/cjs/loader:1299:12)\n    at TracingChannel.traceSync (node:diagnostics_channel:328:14)","os":{"loadavg":[0,0,0],"uptime":836791.859},"process":{"argv":["C:\\Users\\Lenovo\\Desktop\\Student-Attendance-System\\Back-end\\node_modules\\ts-node\\dist\\bin.js","C:\\Users\\Lenovo\\Desktop\\Student-Attendance-System\\Back-end\\src\\server.ts"],"cwd":"C:\\Users\\Lenovo\\Desktop\\Student-Attendance-System\\Back-end","execPath":"C:\\Program Files\\nodejs\\node.exe","gid":null,"memoryUsage":{"arrayBuffers":8088659,"external":11678388,"heapTotal":2139975680,"heapUsed":2008794144,"rss":2257272832},"pid":59720,"uid":null,"version":"v24.10.0"},"stack":"TSError: ‚®Ø Unable to compile TypeScript:\n\u001b[96mcontrollers/MaterialController.ts\u001b[0m:\u001b[93m310\u001b[0m:\u001b[93m5\u001b[0m - \u001b[91merror\u001b[0m\u001b[90m TS2304: \u001b[0mCannot find name 'logger'.\r\n\r\n\u001b[7m310\u001b[0m     logger.info('üîç [getTeacherMaterials] Fetching materials for teacher:', teacher.id.toString());\r\n\u001b[7m   \u001b[0m \u001b[91m    ~~~~~~\u001b[0m\r\n\u001b[96mcontrollers/MaterialController.ts\u001b[0m:\u001b[93m349\u001b[0m:\u001b[93m5\u001b[0m - \u001b[91merror\u001b[0m\u001b[90m TS2304: \u001b[0mCannot find name 'logger'.\r\n\r\n\u001b[7m349\u001b[0m     logger.info('‚úÖ [getTeacherMaterials] Found', safeMaterials.length, 'materials');\r\n\u001b[7m   \u001b[0m \u001b[91m    ~~~~~~\u001b[0m\r\n\n    at createTSError (C:\\Users\\Lenovo\\Desktop\\Student-Attendance-System\\Back-end\\node_modules\\ts-node\\src\\index.ts:859:12)\n    at reportTSError (C:\\Users\\Lenovo\\Desktop\\Student-Attendance-System\\Back-end\\node_modules\\ts-node\\src\\index.ts:863:19)\n    at getOutput (C:\\Users\\Lenovo\\Desktop\\Student-Attendance-System\\Back-end\\node_modules\\ts-node\\src\\index.ts:1077:36)\n    at Object.compile (C:\\Users\\Lenovo\\Desktop\\Student-Attendance-System\\Back-end\\node_modules\\ts-node\\src\\index.ts:1433:41)\n    at Module.m._compile (C:\\Users\\Lenovo\\Desktop\\Student-Attendance-System\\Back-end\\node_modules\\ts-node\\src\\index.ts:1617:30)\n    at node:internal/modules/cjs/loader:1893:10\n    at Object.require.extensions.<computed> [as .ts] (C:\\Users\\Lenovo\\Desktop\\Student-Attendance-System\\Back-end\\node_modules\\ts-node\\src\\index.ts:1621:12)\n    at Module.load (node:internal/modules/cjs/loader:1480:32)\n    at Module._load (node:internal/modules/cjs/loader:1299:12)\n    at TracingChannel.traceSync (node:diagnostics_channel:328:14)","trace":[{"column":12,"file":"C:\\Users\\Lenovo\\Desktop\\Student-Attendance-System\\Back-end\\node_modules\\ts-node\\src\\index.ts","function":"createTSError","line":859,"method":null,"native":false},{"column":19,"file":"C:\\Users\\Lenovo\\Desktop\\Student-Attendance-System\\Back-end\\node_modules\\ts-node\\src\\index.ts","function":"reportTSError","line":863,"method":null,"native":false},{"column":36,"file":"C:\\Users\\Lenovo\\Desktop\\Student-Attendance-System\\Back-end\\node_modules\\ts-node\\src\\index.ts","function":"getOutput","line":1077,"method":null,"native":false},{"column":41,"file":"C:\\Users\\Lenovo\\Desktop\\Student-Attendance-System\\Back-end\\node_modules\\ts-node\\src\\index.ts","function":"Object.compile","line":1433,"method":"compile","native":false},{"column":30,"file":"C:\\Users\\Lenovo\\Desktop\\Student-Attendance-System\\Back-end\\node_modules\\ts-node\\src\\index.ts","function":"Module.m._compile","line":1617,"method":"_compile","native":false},{"column":10,"file":"node:internal/modules/cjs/loader","function":null,"line":1893,"method":null,"native":false},{"column":12,"file":"C:\\Users\\Lenovo\\Desktop\\Student-Attendance-System\\Back-end\\node_modules\\ts-node\\src\\index.ts","function":"Object.require.extensions.<computed> [as .ts]","line":1621,"method":"ts]","native":false},{"column":32,"file":"node:internal/modules/cjs/loader","function":"Module.load","line":1480,"method":"load","native":false},{"column":12,"file":"node:internal/modules/cjs/loader","function":"Module._load","line":1299,"method":"_load","native":false},{"column":14,"file":"node:diagnostics_channel","function":"TracingChannel.traceSync","line":328,"method":"traceSync","native":false}]}
{"date":"Sun Feb 01 2026 22:45:27 GMT+0300 (Arabian Standard Time)","error":{"diagnosticCodes":[2304,2304]},"exception":true,"level":"error","message":"uncaughtException: ‚®Ø Unable to compile TypeScript:\n\u001b[96mcontrollers/MaterialController.ts\u001b[0m:\u001b[93m310\u001b[0m:\u001b[93m5\u001b[0m - \u001b[91merror\u001b[0m\u001b[90m TS2304: \u001b[0mCannot find name 'logger'.\r\n\r\n\u001b[7m310\u001b[0m     logger.info('üîç [getTeacherMaterials] Fetching materials for teacher:', teacher.id.toString());\r\n\u001b[7m   \u001b[0m \u001b[91m    ~~~~~~\u001b[0m\r\n\u001b[96mcontrollers/MaterialController.ts\u001b[0m:\u001b[93m349\u001b[0m:\u001b[93m5\u001b[0m - \u001b[91merror\u001b[0m\u001b[90m TS2304: \u001b[0mCannot find name 'logger'.\r\n\r\n\u001b[7m349\u001b[0m     logger.info('‚úÖ [getTeacherMaterials] Found', safeMaterials.length, 'materials');\r\n\u001b[7m   \u001b[0m \u001b[91m    ~~~~~~\u001b[0m\r\n\nTSError: ‚®Ø Unable to compile TypeScript:\n\u001b[96mcontrollers/MaterialController.ts\u001b[0m:\u001b[93m310\u001b[0m:\u001b[93m5\u001b[0m - \u001b[91merror\u001b[0m\u001b[90m TS2304: \u001b[0mCannot find name 'logger'.\r\n\r\n\u001b[7m310\u001b[0m     logger.info('üîç [getTeacherMaterials] Fetching materials for teacher:', teacher.id.toString());\r\n\u001b[7m   \u001b[0m \u001b[91m    ~~~~~~\u001b[0m\r\n\u001b[96mcontrollers/MaterialController.ts\u001b[0m:\u001b[93m349\u001b[0m:\u001b[93m5\u001b[0m - \u001b[91merror\u001b[0m\u001b[90m TS2304: \u001b[0mCannot find name 'logger'.\r\n\r\n\u001b[7m349\u001b[0m     logger.info('‚úÖ [getTeacherMaterials] Found', safeMaterials.length, 'materials');\r\n\u001b[7m   \u001b[0m \u001b[91m    ~~~~~~\u001b[0m\r\n\n    at createTSError (C:\\Users\\Lenovo\\Desktop\\Student-Attendance-System\\Back-end\\node_modules\\ts-node\\src\\index.ts:859:12)\n    at reportTSError (C:\\Users\\Lenovo\\Desktop\\Student-Attendance-System\\Back-end\\node_modules\\ts-node\\src\\index.ts:863:19)\n    at getOutput (C:\\Users\\Lenovo\\Desktop\\Student-Attendance-System\\Back-end\\node_modules\\ts-node\\src\\index.ts:1077:36)\n    at Object.compile (C:\\Users\\Lenovo\\Desktop\\Student-Attendance-System\\Back-end\\node_modules\\ts-node\\src\\index.ts:1433:41)\n    at Module.m._compile (C:\\Users\\Lenovo\\Desktop\\Student-Attendance-System\\Back-end\\node_modules\\ts-node\\src\\index.ts:1617:30)\n    at node:internal/modules/cjs/loader:1893:10\n    at Object.require.extensions.<computed> [as .ts] (C:\\Users\\Lenovo\\Desktop\\Student-Attendance-System\\Back-end\\node_modules\\ts-node\\src\\index.ts:1621:12)\n    at Module.load (node:internal/modules/cjs/loader:1480:32)\n    at Module._load (node:internal/modules/cjs/loader:1299:12)\n    at TracingChannel.traceSync (node:diagnostics_channel:328:14)","os":{"loadavg":[0,0,0],"uptime":836849.734},"process":{"argv":["C:\\Users\\Lenovo\\Desktop\\Student-Attendance-System\\Back-end\\node_modules\\ts-node\\dist\\bin.js","C:\\Users\\Lenovo\\Desktop\\Student-Attendance-System\\Back-end\\src\\server.ts"],"cwd":"C:\\Users\\Lenovo\\Desktop\\Student-Attendance-System\\Back-end","execPath":"C:\\Program Files\\nodejs\\node.exe","gid":null,"memoryUsage":{"arrayBuffers":7790809,"external":11346619,"heapTotal":2142597120,"heapUsed":2051392976,"rss":2260987904},"pid":16652,"uid":null,"version":"v24.10.0"},"stack":"TSError: ‚®Ø Unable to compile TypeScript:\n\u001b[96mcontrollers/MaterialController.ts\u001b[0m:\u001b[93m310\u001b[0m:\u001b[93m5\u001b[0m - \u001b[91merror\u001b[0m\u001b[90m TS2304: \u001b[0mCannot find name 'logger'.\r\n\r\n\u001b[7m310\u001b[0m     logger.info('üîç [getTeacherMaterials] Fetching materials for teacher:', teacher.id.toString());\r\n\u001b[7m   \u001b[0m \u001b[91m    ~~~~~~\u001b[0m\r\n\u001b[96mcontrollers/MaterialController.ts\u001b[0m:\u001b[93m349\u001b[0m:\u001b[93m5\u001b[0m - \u001b[91merror\u001b[0m\u001b[90m TS2304: \u001b[0mCannot find name 'logger'.\r\n\r\n\u001b[7m349\u001b[0m     logger.info('‚úÖ [getTeacherMaterials] Found', safeMaterials.length, 'materials');\r\n\u001b[7m   \u001b[0m \u001b[91m    ~~~~~~\u001b[0m\r\n\n    at createTSError (C:\\Users\\Lenovo\\Desktop\\Student-Attendance-System\\Back-end\\node_modules\\ts-node\\src\\index.ts:859:12)\n    at reportTSError (C:\\Users\\Lenovo\\Desktop\\Student-Attendance-System\\Back-end\\node_modules\\ts-node\\src\\index.ts:863:19)\n    at getOutput (C:\\Users\\Lenovo\\Desktop\\Student-Attendance-System\\Back-end\\node_modules\\ts-node\\src\\index.ts:1077:36)\n    at Object.compile (C:\\Users\\Lenovo\\Desktop\\Student-Attendance-System\\Back-end\\node_modules\\ts-node\\src\\index.ts:1433:41)\n    at Module.m._compile (C:\\Users\\Lenovo\\Desktop\\Student-Attendance-System\\Back-end\\node_modules\\ts-node\\src\\index.ts:1617:30)\n    at node:internal/modules/cjs/loader:1893:10\n    at Object.require.extensions.<computed> [as .ts] (C:\\Users\\Lenovo\\Desktop\\Student-Attendance-System\\Back-end\\node_modules\\ts-node\\src\\index.ts:1621:12)\n    at Module.load (node:internal/modules/cjs/loader:1480:32)\n    at Module._load (node:internal/modules/cjs/loader:1299:12)\n    at TracingChannel.traceSync (node:diagnostics_channel:328:14)","trace":[{"column":12,"file":"C:\\Users\\Lenovo\\Desktop\\Student-Attendance-System\\Back-end\\node_modules\\ts-node\\src\\index.ts","function":"createTSError","line":859,"method":null,"native":false},{"column":19,"file":"C:\\Users\\Lenovo\\Desktop\\Student-Attendance-System\\Back-end\\node_modules\\ts-node\\src\\index.ts","function":"reportTSError","line":863,"method":null,"native":false},{"column":36,"file":"C:\\Users\\Lenovo\\Desktop\\Student-Attendance-System\\Back-end\\node_modules\\ts-node\\src\\index.ts","function":"getOutput","line":1077,"method":null,"native":false},{"column":41,"file":"C:\\Users\\Lenovo\\Desktop\\Student-Attendance-System\\Back-end\\node_modules\\ts-node\\src\\index.ts","function":"Object.compile","line":1433,"method":"compile","native":false},{"column":30,"file":"C:\\Users\\Lenovo\\Desktop\\Student-Attendance-System\\Back-end\\node_modules\\ts-node\\src\\index.ts","function":"Module.m._compile","line":1617,"method":"_compile","native":false},{"column":10,"file":"node:internal/modules/cjs/loader","function":null,"line":1893,"method":null,"native":false},{"column":12,"file":"C:\\Users\\Lenovo\\Desktop\\Student-Attendance-System\\Back-end\\node_modules\\ts-node\\src\\index.ts","function":"Object.require.extensions.<computed> [as .ts]","line":1621,"method":"ts]","native":false},{"column":32,"file":"node:internal/modules/cjs/loader","function":"Module.load","line":1480,"method":"load","native":false},{"column":12,"file":"node:internal/modules/cjs/loader","function":"Module._load","line":1299,"method":"_load","native":false},{"column":14,"file":"node:diagnostics_channel","function":"TracingChannel.traceSync","line":328,"method":"traceSync","native":false}]}
{"date":"Sun Feb 01 2026 22:46:43 GMT+0300 (Arabian Standard Time)","error":{"diagnosticCodes":[2304,2304,2304,2304,2304,2304,2304,2304,2304]},"exception":true,"level":"error","message":"uncaughtException: ‚®Ø Unable to compile TypeScript:\n\u001b[96mcontrollers/StudentController.ts\u001b[0m:\u001b[93m20\u001b[0m:\u001b[93m9\u001b[0m - \u001b[91merror\u001b[0m\u001b[90m TS2304: \u001b[0mCannot find name 'logger'.\r\n\r\n\u001b[7m20\u001b[0m         logger.info(`üîç [getAllStudents] Received request with params:`, {\r\n\u001b[7m  \u001b[0m \u001b[91m        ~~~~~~\u001b[0m\r\n\u001b[96mcontrollers/StudentController.ts\u001b[0m:\u001b[93m32\u001b[0m:\u001b[93m13\u001b[0m - \u001b[91merror\u001b[0m\u001b[90m TS2304: \u001b[0mCannot find name 'logger'.\r\n\r\n\u001b[7m32\u001b[0m             logger.info(`üîí [getAllStudents] Applied department filter:`, deptFilter);\r\n\u001b[7m  \u001b[0m \u001b[91m            ~~~~~~\u001b[0m\r\n\u001b[96mcontrollers/StudentController.ts\u001b[0m:\u001b[93m48\u001b[0m:\u001b[93m13\u001b[0m - \u001b[91merror\u001b[0m\u001b[90m TS2304: \u001b[0mCannot find name 'logger'.\r\n\r\n\u001b[7m48\u001b[0m             logger.info(`üîç [getAllStudents] Filtering by departmentId: ${departmentId}`);\r\n\u001b[7m  \u001b[0m \u001b[91m            ~~~~~~\u001b[0m\r\n\u001b[96mcontrollers/StudentController.ts\u001b[0m:\u001b[93m53\u001b[0m:\u001b[93m13\u001b[0m - \u001b[91merror\u001b[0m\u001b[90m TS2304: \u001b[0mCannot find name 'logger'.\r\n\r\n\u001b[7m53\u001b[0m             logger.info(`üîç [getAllStudents] Filtering by stageId: ${stageId}`);\r\n\u001b[7m  \u001b[0m \u001b[91m            ~~~~~~\u001b[0m\r\n\u001b[96mcontrollers/StudentController.ts\u001b[0m:\u001b[93m56\u001b[0m:\u001b[93m9\u001b[0m - \u001b[91merror\u001b[0m\u001b[90m TS2304: \u001b[0mCannot find name 'logger'.\r\n\r\n\u001b[7m56\u001b[0m         logger.info(`üîç [getAllStudents] Query where clause:`, JSON.stringify(where, (key, value) =>\r\n\u001b[7m  \u001b[0m \u001b[91m        ~~~~~~\u001b[0m\r\n\u001b[96mcontrollers/StudentController.ts\u001b[0m:\u001b[93m73\u001b[0m:\u001b[93m9\u001b[0m - \u001b[91merror\u001b[0m\u001b[90m TS2304: \u001b[0mCannot find name 'logger'.\r\n\r\n\u001b[7m73\u001b[0m         logger.info(`‚úÖ [getAllStudents] Found ${total} total students, returning ${students.length} students`);\r\n\u001b[7m  \u001b[0m \u001b[91m        ~~~~~~\u001b[0m\r\n\u001b[96mcontrollers/StudentController.ts\u001b[0m:\u001b[93m76\u001b[0m:\u001b[93m13\u001b[0m - \u001b[91merror\u001b[0m\u001b[90m TS2304: \u001b[0mCannot find name 'logger'.\r\n\r\n\u001b[7m76\u001b[0m             logger.info(`üìù [getAllStudents] First student:`, {\r\n\u001b[7m  \u001b[0m \u001b[91m            ~~~~~~\u001b[0m\r\n\u001b[96mcontrollers/StudentController.ts\u001b[0m:\u001b[93m113\u001b[0m:\u001b[93m9\u001b[0m - \u001b[91merror\u001b[0m\u001b[90m TS2304: \u001b[0mCannot find name 'logger'.\r\n\r\n\u001b[7m113\u001b[0m         logger.info(`üì§ [getAllStudents] Sending response with ${safeStudents.length} students`);\r\n\u001b[7m   \u001b[0m \u001b[91m        ~~~~~~\u001b[0m\r\n\u001b[96mcontrollers/StudentController.ts\u001b[0m:\u001b[93m174\u001b[0m:\u001b[93m5\u001b[0m - \u001b[91merror\u001b[0m\u001b[90m TS2304: \u001b[0mCannot find name 'logger'.\r\n\r\n\u001b[7m174\u001b[0m     logger.info(`[ADMIN] Fingerprint reset for student: ${id}`);\r\n\u001b[7m   \u001b[0m \u001b[91m    ~~~~~~\u001b[0m\r\n\nTSError: ‚®Ø Unable to compile TypeScript:\n\u001b[96mcontrollers/StudentController.ts\u001b[0m:\u001b[93m20\u001b[0m:\u001b[93m9\u001b[0m - \u001b[91merror\u001b[0m\u001b[90m TS2304: \u001b[0mCannot find name 'logger'.\r\n\r\n\u001b[7m20\u001b[0m         logger.info(`üîç [getAllStudents] Received request with params:`, {\r\n\u001b[7m  \u001b[0m \u001b[91m        ~~~~~~\u001b[0m\r\n\u001b[96mcontrollers/StudentController.ts\u001b[0m:\u001b[93m32\u001b[0m:\u001b[93m13\u001b[0m - \u001b[91merror\u001b[0m\u001b[90m TS2304: \u001b[0mCannot find name 'logger'.\r\n\r\n\u001b[7m32\u001b[0m             logger.info(`üîí [getAllStudents] Applied department filter:`, deptFilter);\r\n\u001b[7m  \u001b[0m \u001b[91m            ~~~~~~\u001b[0m\r\n\u001b[96mcontrollers/StudentController.ts\u001b[0m:\u001b[93m48\u001b[0m:\u001b[93m13\u001b[0m - \u001b[91merror\u001b[0m\u001b[90m TS2304: \u001b[0mCannot find name 'logger'.\r\n\r\n\u001b[7m48\u001b[0m             logger.info(`üîç [getAllStudents] Filtering by departmentId: ${departmentId}`);\r\n\u001b[7m  \u001b[0m \u001b[91m            ~~~~~~\u001b[0m\r\n\u001b[96mcontrollers/StudentController.ts\u001b[0m:\u001b[93m53\u001b[0m:\u001b[93m13\u001b[0m - \u001b[91merror\u001b[0m\u001b[90m TS2304: \u001b[0mCannot find name 'logger'.\r\n\r\n\u001b[7m53\u001b[0m             logger.info(`üîç [getAllStudents] Filtering by stageId: ${stageId}`);\r\n\u001b[7m  \u001b[0m \u001b[91m            ~~~~~~\u001b[0m\r\n\u001b[96mcontrollers/StudentController.ts\u001b[0m:\u001b[93m56\u001b[0m:\u001b[93m9\u001b[0m - \u001b[91merror\u001b[0m\u001b[90m TS2304: \u001b[0mCannot find name 'logger'.\r\n\r\n\u001b[7m56\u001b[0m         logger.info(`üîç [getAllStudents] Query where clause:`, JSON.stringify(where, (key, value) =>\r\n\u001b[7m  \u001b[0m \u001b[91m        ~~~~~~\u001b[0m\r\n\u001b[96mcontrollers/StudentController.ts\u001b[0m:\u001b[93m73\u001b[0m:\u001b[93m9\u001b[0m - \u001b[91merror\u001b[0m\u001b[90m TS2304: \u001b[0mCannot find name 'logger'.\r\n\r\n\u001b[7m73\u001b[0m         logger.info(`‚úÖ [getAllStudents] Found ${total} total students, returning ${students.length} students`);\r\n\u001b[7m  \u001b[0m \u001b[91m        ~~~~~~\u001b[0m\r\n\u001b[96mcontrollers/StudentController.ts\u001b[0m:\u001b[93m76\u001b[0m:\u001b[93m13\u001b[0m - \u001b[91merror\u001b[0m\u001b[90m TS2304: \u001b[0mCannot find name 'logger'.\r\n\r\n\u001b[7m76\u001b[0m             logger.info(`üìù [getAllStudents] First student:`, {\r\n\u001b[7m  \u001b[0m \u001b[91m            ~~~~~~\u001b[0m\r\n\u001b[96mcontrollers/StudentController.ts\u001b[0m:\u001b[93m113\u001b[0m:\u001b[93m9\u001b[0m - \u001b[91merror\u001b[0m\u001b[90m TS2304: \u001b[0mCannot find name 'logger'.\r\n\r\n\u001b[7m113\u001b[0m         logger.info(`üì§ [getAllStudents] Sending response with ${safeStudents.length} students`);\r\n\u001b[7m   \u001b[0m \u001b[91m        ~~~~~~\u001b[0m\r\n\u001b[96mcontrollers/StudentController.ts\u001b[0m:\u001b[93m174\u001b[0m:\u001b[93m5\u001b[0m - \u001b[91merror\u001b[0m\u001b[90m TS2304: \u001b[0mCannot find name 'logger'.\r\n\r\n\u001b[7m174\u001b[0m     logger.info(`[ADMIN] Fingerprint reset for student: ${id}`);\r\n\u001b[7m   \u001b[0m \u001b[91m    ~~~~~~\u001b[0m\r\n\n    at createTSError (C:\\Users\\Lenovo\\Desktop\\Student-Attendance-System\\Back-end\\node_modules\\ts-node\\src\\index.ts:859:12)\n    at reportTSError (C:\\Users\\Lenovo\\Desktop\\Student-Attendance-System\\Back-end\\node_modules\\ts-node\\src\\index.ts:863:19)\n    at getOutput (C:\\Users\\Lenovo\\Desktop\\Student-Attendance-System\\Back-end\\node_modules\\ts-node\\src\\index.ts:1077:36)\n    at Object.compile (C:\\Users\\Lenovo\\Desktop\\Student-Attendance-System\\Back-end\\node_modules\\ts-node\\src\\index.ts:1433:41)\n    at Module.m._compile (C:\\Users\\Lenovo\\Desktop\\Student-Attendance-System\\Back-end\\node_modules\\ts-node\\src\\index.ts:1617:30)\n    at node:internal/modules/cjs/loader:1893:10\n    at Object.require.extensions.<computed> [as .ts] (C:\\Users\\Lenovo\\Desktop\\Student-Attendance-System\\Back-end\\node_modules\\ts-node\\src\\index.ts:1621:12)\n    at Module.load (node:internal/modules/cjs/loader:1480:32)\n    at Module._load (node:internal/modules/cjs/loader:1299:12)\n    at TracingChannel.traceSync (node:diagnostics_channel:328:14)","os":{"loadavg":[0,0,0],"uptime":836925.75},"process":{"argv":["C:\\Users\\Lenovo\\Desktop\\Student-Attendance-System\\Back-end\\node_modules\\ts-node\\dist\\bin.js","C:\\Users\\Lenovo\\Desktop\\Student-Attendance-System\\Back-end\\src\\server.ts"],"cwd":"C:\\Users\\Lenovo\\Desktop\\Student-Attendance-System\\Back-end","execPath":"C:\\Program Files\\nodejs\\node.exe","gid":null,"memoryUsage":{"arrayBuffers":8133583,"external":11689393,"heapTotal":2155319296,"heapUsed":2058410256,"rss":2273124352},"pid":29800,"uid":null,"version":"v24.10.0"},"stack":"TSError: ‚®Ø Unable to compile TypeScript:\n\u001b[96mcontrollers/StudentController.ts\u001b[0m:\u001b[93m20\u001b[0m:\u001b[93m9\u001b[0m - \u001b[91merror\u001b[0m\u001b[90m TS2304: \u001b[0mCannot find name 'logger'.\r\n\r\n\u001b[7m20\u001b[0m         logger.info(`üîç [getAllStudents] Received request with params:`, {\r\n\u001b[7m  \u001b[0m \u001b[91m        ~~~~~~\u001b[0m\r\n\u001b[96mcontrollers/StudentController.ts\u001b[0m:\u001b[93m32\u001b[0m:\u001b[93m13\u001b[0m - \u001b[91merror\u001b[0m\u001b[90m TS2304: \u001b[0mCannot find name 'logger'.\r\n\r\n\u001b[7m32\u001b[0m             logger.info(`üîí [getAllStudents] Applied department filter:`, deptFilter);\r\n\u001b[7m  \u001b[0m \u001b[91m            ~~~~~~\u001b[0m\r\n\u001b[96mcontrollers/StudentController.ts\u001b[0m:\u001b[93m48\u001b[0m:\u001b[93m13\u001b[0m - \u001b[91merror\u001b[0m\u001b[90m TS2304: \u001b[0mCannot find name 'logger'.\r\n\r\n\u001b[7m48\u001b[0m             logger.info(`üîç [getAllStudents] Filtering by departmentId: ${departmentId}`);\r\n\u001b[7m  \u001b[0m \u001b[91m            ~~~~~~\u001b[0m\r\n\u001b[96mcontrollers/StudentController.ts\u001b[0m:\u001b[93m53\u001b[0m:\u001b[93m13\u001b[0m - \u001b[91merror\u001b[0m\u001b[90m TS2304: \u001b[0mCannot find name 'logger'.\r\n\r\n\u001b[7m53\u001b[0m             logger.info(`üîç [getAllStudents] Filtering by stageId: ${stageId}`);\r\n\u001b[7m  \u001b[0m \u001b[91m            ~~~~~~\u001b[0m\r\n\u001b[96mcontrollers/StudentController.ts\u001b[0m:\u001b[93m56\u001b[0m:\u001b[93m9\u001b[0m - \u001b[91merror\u001b[0m\u001b[90m TS2304: \u001b[0mCannot find name 'logger'.\r\n\r\n\u001b[7m56\u001b[0m         logger.info(`üîç [getAllStudents] Query where clause:`, JSON.stringify(where, (key, value) =>\r\n\u001b[7m  \u001b[0m \u001b[91m        ~~~~~~\u001b[0m\r\n\u001b[96mcontrollers/StudentController.ts\u001b[0m:\u001b[93m73\u001b[0m:\u001b[93m9\u001b[0m - \u001b[91merror\u001b[0m\u001b[90m TS2304: \u001b[0mCannot find name 'logger'.\r\n\r\n\u001b[7m73\u001b[0m         logger.info(`‚úÖ [getAllStudents] Found ${total} total students, returning ${students.length} students`);\r\n\u001b[7m  \u001b[0m \u001b[91m        ~~~~~~\u001b[0m\r\n\u001b[96mcontrollers/StudentController.ts\u001b[0m:\u001b[93m76\u001b[0m:\u001b[93m13\u001b[0m - \u001b[91merror\u001b[0m\u001b[90m TS2304: \u001b[0mCannot find name 'logger'.\r\n\r\n\u001b[7m76\u001b[0m             logger.info(`üìù [getAllStudents] First student:`, {\r\n\u001b[7m  \u001b[0m \u001b[91m            ~~~~~~\u001b[0m\r\n\u001b[96mcontrollers/StudentController.ts\u001b[0m:\u001b[93m113\u001b[0m:\u001b[93m9\u001b[0m - \u001b[91merror\u001b[0m\u001b[90m TS2304: \u001b[0mCannot find name 'logger'.\r\n\r\n\u001b[7m113\u001b[0m         logger.info(`üì§ [getAllStudents] Sending response with ${safeStudents.length} students`);\r\n\u001b[7m   \u001b[0m \u001b[91m        ~~~~~~\u001b[0m\r\n\u001b[96mcontrollers/StudentController.ts\u001b[0m:\u001b[93m174\u001b[0m:\u001b[93m5\u001b[0m - \u001b[91merror\u001b[0m\u001b[90m TS2304: \u001b[0mCannot find name 'logger'.\r\n\r\n\u001b[7m174\u001b[0m     logger.info(`[ADMIN] Fingerprint reset for student: ${id}`);\r\n\u001b[7m   \u001b[0m \u001b[91m    ~~~~~~\u001b[0m\r\n\n    at createTSError (C:\\Users\\Lenovo\\Desktop\\Student-Attendance-System\\Back-end\\node_modules\\ts-node\\src\\index.ts:859:12)\n    at reportTSError (C:\\Users\\Lenovo\\Desktop\\Student-Attendance-System\\Back-end\\node_modules\\ts-node\\src\\index.ts:863:19)\n    at getOutput (C:\\Users\\Lenovo\\Desktop\\Student-Attendance-System\\Back-end\\node_modules\\ts-node\\src\\index.ts:1077:36)\n    at Object.compile (C:\\Users\\Lenovo\\Desktop\\Student-Attendance-System\\Back-end\\node_modules\\ts-node\\src\\index.ts:1433:41)\n    at Module.m._compile (C:\\Users\\Lenovo\\Desktop\\Student-Attendance-System\\Back-end\\node_modules\\ts-node\\src\\index.ts:1617:30)\n    at node:internal/modules/cjs/loader:1893:10\n    at Object.require.extensions.<computed> [as .ts] (C:\\Users\\Lenovo\\Desktop\\Student-Attendance-System\\Back-end\\node_modules\\ts-node\\src\\index.ts:1621:12)\n    at Module.load (node:internal/modules/cjs/loader:1480:32)\n    at Module._load (node:internal/modules/cjs/loader:1299:12)\n    at TracingChannel.traceSync (node:diagnostics_channel:328:14)","trace":[{"column":12,"file":"C:\\Users\\Lenovo\\Desktop\\Student-Attendance-System\\Back-end\\node_modules\\ts-node\\src\\index.ts","function":"createTSError","line":859,"method":null,"native":false},{"column":19,"file":"C:\\Users\\Lenovo\\Desktop\\Student-Attendance-System\\Back-end\\node_modules\\ts-node\\src\\index.ts","function":"reportTSError","line":863,"method":null,"native":false},{"column":36,"file":"C:\\Users\\Lenovo\\Desktop\\Student-Attendance-System\\Back-end\\node_modules\\ts-node\\src\\index.ts","function":"getOutput","line":1077,"method":null,"native":false},{"column":41,"file":"C:\\Users\\Lenovo\\Desktop\\Student-Attendance-System\\Back-end\\node_modules\\ts-node\\src\\index.ts","function":"Object.compile","line":1433,"method":"compile","native":false},{"column":30,"file":"C:\\Users\\Lenovo\\Desktop\\Student-Attendance-System\\Back-end\\node_modules\\ts-node\\src\\index.ts","function":"Module.m._compile","line":1617,"method":"_compile","native":false},{"column":10,"file":"node:internal/modules/cjs/loader","function":null,"line":1893,"method":null,"native":false},{"column":12,"file":"C:\\Users\\Lenovo\\Desktop\\Student-Attendance-System\\Back-end\\node_modules\\ts-node\\src\\index.ts","function":"Object.require.extensions.<computed> [as .ts]","line":1621,"method":"ts]","native":false},{"column":32,"file":"node:internal/modules/cjs/loader","function":"Module.load","line":1480,"method":"load","native":false},{"column":12,"file":"node:internal/modules/cjs/loader","function":"Module._load","line":1299,"method":"_load","native":false},{"column":14,"file":"node:diagnostics_channel","function":"TracingChannel.traceSync","line":328,"method":"traceSync","native":false}]}
{"date":"Sun Feb 01 2026 22:48:03 GMT+0300 (Arabian Standard Time)","error":{"diagnosticCodes":[2304,2304,2304,2304,2304,2304,2304,2304,2304]},"exception":true,"level":"error","message":"uncaughtException: ‚®Ø Unable to compile TypeScript:\n\u001b[96mcontrollers/StudentController.ts\u001b[0m:\u001b[93m20\u001b[0m:\u001b[93m9\u001b[0m - \u001b[91merror\u001b[0m\u001b[90m TS2304: \u001b[0mCannot find name 'logger'.\r\n\r\n\u001b[7m20\u001b[0m         logger.info(`üîç [getAllStudents] Received request with params:`, {\r\n\u001b[7m  \u001b[0m \u001b[91m        ~~~~~~\u001b[0m\r\n\u001b[96mcontrollers/StudentController.ts\u001b[0m:\u001b[93m32\u001b[0m:\u001b[93m13\u001b[0m - \u001b[91merror\u001b[0m\u001b[90m TS2304: \u001b[0mCannot find name 'logger'.\r\n\r\n\u001b[7m32\u001b[0m             logger.info(`üîí [getAllStudents] Applied department filter:`, deptFilter);\r\n\u001b[7m  \u001b[0m \u001b[91m            ~~~~~~\u001b[0m\r\n\u001b[96mcontrollers/StudentController.ts\u001b[0m:\u001b[93m48\u001b[0m:\u001b[93m13\u001b[0m - \u001b[91merror\u001b[0m\u001b[90m TS2304: \u001b[0mCannot find name 'logger'.\r\n\r\n\u001b[7m48\u001b[0m             logger.info(`üîç [getAllStudents] Filtering by departmentId: ${departmentId}`);\r\n\u001b[7m  \u001b[0m \u001b[91m            ~~~~~~\u001b[0m\r\n\u001b[96mcontrollers/StudentController.ts\u001b[0m:\u001b[93m53\u001b[0m:\u001b[93m13\u001b[0m - \u001b[91merror\u001b[0m\u001b[90m TS2304: \u001b[0mCannot find name 'logger'.\r\n\r\n\u001b[7m53\u001b[0m             logger.info(`üîç [getAllStudents] Filtering by stageId: ${stageId}`);\r\n\u001b[7m  \u001b[0m \u001b[91m            ~~~~~~\u001b[0m\r\n\u001b[96mcontrollers/StudentController.ts\u001b[0m:\u001b[93m56\u001b[0m:\u001b[93m9\u001b[0m - \u001b[91merror\u001b[0m\u001b[90m TS2304: \u001b[0mCannot find name 'logger'.\r\n\r\n\u001b[7m56\u001b[0m         logger.info(`üîç [getAllStudents] Query where clause:`, JSON.stringify(where, (key, value) =>\r\n\u001b[7m  \u001b[0m \u001b[91m        ~~~~~~\u001b[0m\r\n\u001b[96mcontrollers/StudentController.ts\u001b[0m:\u001b[93m73\u001b[0m:\u001b[93m9\u001b[0m - \u001b[91merror\u001b[0m\u001b[90m TS2304: \u001b[0mCannot find name 'logger'.\r\n\r\n\u001b[7m73\u001b[0m         logger.info(`‚úÖ [getAllStudents] Found ${total} total students, returning ${students.length} students`);\r\n\u001b[7m  \u001b[0m \u001b[91m        ~~~~~~\u001b[0m\r\n\u001b[96mcontrollers/StudentController.ts\u001b[0m:\u001b[93m76\u001b[0m:\u001b[93m13\u001b[0m - \u001b[91merror\u001b[0m\u001b[90m TS2304: \u001b[0mCannot find name 'logger'.\r\n\r\n\u001b[7m76\u001b[0m             logger.info(`üìù [getAllStudents] First student:`, {\r\n\u001b[7m  \u001b[0m \u001b[91m            ~~~~~~\u001b[0m\r\n\u001b[96mcontrollers/StudentController.ts\u001b[0m:\u001b[93m113\u001b[0m:\u001b[93m9\u001b[0m - \u001b[91merror\u001b[0m\u001b[90m TS2304: \u001b[0mCannot find name 'logger'.\r\n\r\n\u001b[7m113\u001b[0m         logger.info(`üì§ [getAllStudents] Sending response with ${safeStudents.length} students`);\r\n\u001b[7m   \u001b[0m \u001b[91m        ~~~~~~\u001b[0m\r\n\u001b[96mcontrollers/StudentController.ts\u001b[0m:\u001b[93m174\u001b[0m:\u001b[93m5\u001b[0m - \u001b[91merror\u001b[0m\u001b[90m TS2304: \u001b[0mCannot find name 'logger'.\r\n\r\n\u001b[7m174\u001b[0m     logger.info(`[ADMIN] Fingerprint reset for student: ${id}`);\r\n\u001b[7m   \u001b[0m \u001b[91m    ~~~~~~\u001b[0m\r\n\nTSError: ‚®Ø Unable to compile TypeScript:\n\u001b[96mcontrollers/StudentController.ts\u001b[0m:\u001b[93m20\u001b[0m:\u001b[93m9\u001b[0m - \u001b[91merror\u001b[0m\u001b[90m TS2304: \u001b[0mCannot find name 'logger'.\r\n\r\n\u001b[7m20\u001b[0m         logger.info(`üîç [getAllStudents] Received request with params:`, {\r\n\u001b[7m  \u001b[0m \u001b[91m        ~~~~~~\u001b[0m\r\n\u001b[96mcontrollers/StudentController.ts\u001b[0m:\u001b[93m32\u001b[0m:\u001b[93m13\u001b[0m - \u001b[91merror\u001b[0m\u001b[90m TS2304: \u001b[0mCannot find name 'logger'.\r\n\r\n\u001b[7m32\u001b[0m             logger.info(`üîí [getAllStudents] Applied department filter:`, deptFilter);\r\n\u001b[7m  \u001b[0m \u001b[91m            ~~~~~~\u001b[0m\r\n\u001b[96mcontrollers/StudentController.ts\u001b[0m:\u001b[93m48\u001b[0m:\u001b[93m13\u001b[0m - \u001b[91merror\u001b[0m\u001b[90m TS2304: \u001b[0mCannot find name 'logger'.\r\n\r\n\u001b[7m48\u001b[0m             logger.info(`üîç [getAllStudents] Filtering by departmentId: ${departmentId}`);\r\n\u001b[7m  \u001b[0m \u001b[91m            ~~~~~~\u001b[0m\r\n\u001b[96mcontrollers/StudentController.ts\u001b[0m:\u001b[93m53\u001b[0m:\u001b[93m13\u001b[0m - \u001b[91merror\u001b[0m\u001b[90m TS2304: \u001b[0mCannot find name 'logger'.\r\n\r\n\u001b[7m53\u001b[0m             logger.info(`üîç [getAllStudents] Filtering by stageId: ${stageId}`);\r\n\u001b[7m  \u001b[0m \u001b[91m            ~~~~~~\u001b[0m\r\n\u001b[96mcontrollers/StudentController.ts\u001b[0m:\u001b[93m56\u001b[0m:\u001b[93m9\u001b[0m - \u001b[91merror\u001b[0m\u001b[90m TS2304: \u001b[0mCannot find name 'logger'.\r\n\r\n\u001b[7m56\u001b[0m         logger.info(`üîç [getAllStudents] Query where clause:`, JSON.stringify(where, (key, value) =>\r\n\u001b[7m  \u001b[0m \u001b[91m        ~~~~~~\u001b[0m\r\n\u001b[96mcontrollers/StudentController.ts\u001b[0m:\u001b[93m73\u001b[0m:\u001b[93m9\u001b[0m - \u001b[91merror\u001b[0m\u001b[90m TS2304: \u001b[0mCannot find name 'logger'.\r\n\r\n\u001b[7m73\u001b[0m         logger.info(`‚úÖ [getAllStudents] Found ${total} total students, returning ${students.length} students`);\r\n\u001b[7m  \u001b[0m \u001b[91m        ~~~~~~\u001b[0m\r\n\u001b[96mcontrollers/StudentController.ts\u001b[0m:\u001b[93m76\u001b[0m:\u001b[93m13\u001b[0m - \u001b[91merror\u001b[0m\u001b[90m TS2304: \u001b[0mCannot find name 'logger'.\r\n\r\n\u001b[7m76\u001b[0m             logger.info(`üìù [getAllStudents] First student:`, {\r\n\u001b[7m  \u001b[0m \u001b[91m            ~~~~~~\u001b[0m\r\n\u001b[96mcontrollers/StudentController.ts\u001b[0m:\u001b[93m113\u001b[0m:\u001b[93m9\u001b[0m - \u001b[91merror\u001b[0m\u001b[90m TS2304: \u001b[0mCannot find name 'logger'.\r\n\r\n\u001b[7m113\u001b[0m         logger.info(`üì§ [getAllStudents] Sending response with ${safeStudents.length} students`);\r\n\u001b[7m   \u001b[0m \u001b[91m        ~~~~~~\u001b[0m\r\n\u001b[96mcontrollers/StudentController.ts\u001b[0m:\u001b[93m174\u001b[0m:\u001b[93m5\u001b[0m - \u001b[91merror\u001b[0m\u001b[90m TS2304: \u001b[0mCannot find name 'logger'.\r\n\r\n\u001b[7m174\u001b[0m     logger.info(`[ADMIN] Fingerprint reset for student: ${id}`);\r\n\u001b[7m   \u001b[0m \u001b[91m    ~~~~~~\u001b[0m\r\n\n    at createTSError (C:\\Users\\Lenovo\\Desktop\\Student-Attendance-System\\Back-end\\node_modules\\ts-node\\src\\index.ts:859:12)\n    at reportTSError (C:\\Users\\Lenovo\\Desktop\\Student-Attendance-System\\Back-end\\node_modules\\ts-node\\src\\index.ts:863:19)\n    at getOutput (C:\\Users\\Lenovo\\Desktop\\Student-Attendance-System\\Back-end\\node_modules\\ts-node\\src\\index.ts:1077:36)\n    at Object.compile (C:\\Users\\Lenovo\\Desktop\\Student-Attendance-System\\Back-end\\node_modules\\ts-node\\src\\index.ts:1433:41)\n    at Module.m._compile (C:\\Users\\Lenovo\\Desktop\\Student-Attendance-System\\Back-end\\node_modules\\ts-node\\src\\index.ts:1617:30)\n    at node:internal/modules/cjs/loader:1893:10\n    at Object.require.extensions.<computed> [as .ts] (C:\\Users\\Lenovo\\Desktop\\Student-Attendance-System\\Back-end\\node_modules\\ts-node\\src\\index.ts:1621:12)\n    at Module.load (node:internal/modules/cjs/loader:1480:32)\n    at Module._load (node:internal/modules/cjs/loader:1299:12)\n    at TracingChannel.traceSync (node:diagnostics_channel:328:14)","os":{"loadavg":[0,0,0],"uptime":837005.484},"process":{"argv":["C:\\Users\\Lenovo\\Desktop\\Student-Attendance-System\\Back-end\\node_modules\\ts-node\\dist\\bin.js","C:\\Users\\Lenovo\\Desktop\\Student-Attendance-System\\Back-end\\src\\server.ts"],"cwd":"C:\\Users\\Lenovo\\Desktop\\Student-Attendance-System\\Back-end","execPath":"C:\\Program Files\\nodejs\\node.exe","gid":null,"memoryUsage":{"arrayBuffers":8118017,"external":11673827,"heapTotal":2162397184,"heapUsed":2055510208,"rss":2279202816},"pid":20708,"uid":null,"version":"v24.10.0"},"stack":"TSError: ‚®Ø Unable to compile TypeScript:\n\u001b[96mcontrollers/StudentController.ts\u001b[0m:\u001b[93m20\u001b[0m:\u001b[93m9\u001b[0m - \u001b[91merror\u001b[0m\u001b[90m TS2304: \u001b[0mCannot find name 'logger'.\r\n\r\n\u001b[7m20\u001b[0m         logger.info(`üîç [getAllStudents] Received request with params:`, {\r\n\u001b[7m  \u001b[0m \u001b[91m        ~~~~~~\u001b[0m\r\n\u001b[96mcontrollers/StudentController.ts\u001b[0m:\u001b[93m32\u001b[0m:\u001b[93m13\u001b[0m - \u001b[91merror\u001b[0m\u001b[90m TS2304: \u001b[0mCannot find name 'logger'.\r\n\r\n\u001b[7m32\u001b[0m             logger.info(`üîí [getAllStudents] Applied department filter:`, deptFilter);\r\n\u001b[7m  \u001b[0m \u001b[91m            ~~~~~~\u001b[0m\r\n\u001b[96mcontrollers/StudentController.ts\u001b[0m:\u001b[93m48\u001b[0m:\u001b[93m13\u001b[0m - \u001b[91merror\u001b[0m\u001b[90m TS2304: \u001b[0mCannot find name 'logger'.\r\n\r\n\u001b[7m48\u001b[0m             logger.info(`üîç [getAllStudents] Filtering by departmentId: ${departmentId}`);\r\n\u001b[7m  \u001b[0m \u001b[91m            ~~~~~~\u001b[0m\r\n\u001b[96mcontrollers/StudentController.ts\u001b[0m:\u001b[93m53\u001b[0m:\u001b[93m13\u001b[0m - \u001b[91merror\u001b[0m\u001b[90m TS2304: \u001b[0mCannot find name 'logger'.\r\n\r\n\u001b[7m53\u001b[0m             logger.info(`üîç [getAllStudents] Filtering by stageId: ${stageId}`);\r\n\u001b[7m  \u001b[0m \u001b[91m            ~~~~~~\u001b[0m\r\n\u001b[96mcontrollers/StudentController.ts\u001b[0m:\u001b[93m56\u001b[0m:\u001b[93m9\u001b[0m - \u001b[91merror\u001b[0m\u001b[90m TS2304: \u001b[0mCannot find name 'logger'.\r\n\r\n\u001b[7m56\u001b[0m         logger.info(`üîç [getAllStudents] Query where clause:`, JSON.stringify(where, (key, value) =>\r\n\u001b[7m  \u001b[0m \u001b[91m        ~~~~~~\u001b[0m\r\n\u001b[96mcontrollers/StudentController.ts\u001b[0m:\u001b[93m73\u001b[0m:\u001b[93m9\u001b[0m - \u001b[91merror\u001b[0m\u001b[90m TS2304: \u001b[0mCannot find name 'logger'.\r\n\r\n\u001b[7m73\u001b[0m         logger.info(`‚úÖ [getAllStudents] Found ${total} total students, returning ${students.length} students`);\r\n\u001b[7m  \u001b[0m \u001b[91m        ~~~~~~\u001b[0m\r\n\u001b[96mcontrollers/StudentController.ts\u001b[0m:\u001b[93m76\u001b[0m:\u001b[93m13\u001b[0m - \u001b[91merror\u001b[0m\u001b[90m TS2304: \u001b[0mCannot find name 'logger'.\r\n\r\n\u001b[7m76\u001b[0m             logger.info(`üìù [getAllStudents] First student:`, {\r\n\u001b[7m  \u001b[0m \u001b[91m            ~~~~~~\u001b[0m\r\n\u001b[96mcontrollers/StudentController.ts\u001b[0m:\u001b[93m113\u001b[0m:\u001b[93m9\u001b[0m - \u001b[91merror\u001b[0m\u001b[90m TS2304: \u001b[0mCannot find name 'logger'.\r\n\r\n\u001b[7m113\u001b[0m         logger.info(`üì§ [getAllStudents] Sending response with ${safeStudents.length} students`);\r\n\u001b[7m   \u001b[0m \u001b[91m        ~~~~~~\u001b[0m\r\n\u001b[96mcontrollers/StudentController.ts\u001b[0m:\u001b[93m174\u001b[0m:\u001b[93m5\u001b[0m - \u001b[91merror\u001b[0m\u001b[90m TS2304: \u001b[0mCannot find name 'logger'.\r\n\r\n\u001b[7m174\u001b[0m     logger.info(`[ADMIN] Fingerprint reset for student: ${id}`);\r\n\u001b[7m   \u001b[0m \u001b[91m    ~~~~~~\u001b[0m\r\n\n    at createTSError (C:\\Users\\Lenovo\\Desktop\\Student-Attendance-System\\Back-end\\node_modules\\ts-node\\src\\index.ts:859:12)\n    at reportTSError (C:\\Users\\Lenovo\\Desktop\\Student-Attendance-System\\Back-end\\node_modules\\ts-node\\src\\index.ts:863:19)\n    at getOutput (C:\\Users\\Lenovo\\Desktop\\Student-Attendance-System\\Back-end\\node_modules\\ts-node\\src\\index.ts:1077:36)\n    at Object.compile (C:\\Users\\Lenovo\\Desktop\\Student-Attendance-System\\Back-end\\node_modules\\ts-node\\src\\index.ts:1433:41)\n    at Module.m._compile (C:\\Users\\Lenovo\\Desktop\\Student-Attendance-System\\Back-end\\node_modules\\ts-node\\src\\index.ts:1617:30)\n    at node:internal/modules/cjs/loader:1893:10\n    at Object.require.extensions.<computed> [as .ts] (C:\\Users\\Lenovo\\Desktop\\Student-Attendance-System\\Back-end\\node_modules\\ts-node\\src\\index.ts:1621:12)\n    at Module.load (node:internal/modules/cjs/loader:1480:32)\n    at Module._load (node:internal/modules/cjs/loader:1299:12)\n    at TracingChannel.traceSync (node:diagnostics_channel:328:14)","trace":[{"column":12,"file":"C:\\Users\\Lenovo\\Desktop\\Student-Attendance-System\\Back-end\\node_modules\\ts-node\\src\\index.ts","function":"createTSError","line":859,"method":null,"native":false},{"column":19,"file":"C:\\Users\\Lenovo\\Desktop\\Student-Attendance-System\\Back-end\\node_modules\\ts-node\\src\\index.ts","function":"reportTSError","line":863,"method":null,"native":false},{"column":36,"file":"C:\\Users\\Lenovo\\Desktop\\Student-Attendance-System\\Back-end\\node_modules\\ts-node\\src\\index.ts","function":"getOutput","line":1077,"method":null,"native":false},{"column":41,"file":"C:\\Users\\Lenovo\\Desktop\\Student-Attendance-System\\Back-end\\node_modules\\ts-node\\src\\index.ts","function":"Object.compile","line":1433,"method":"compile","native":false},{"column":30,"file":"C:\\Users\\Lenovo\\Desktop\\Student-Attendance-System\\Back-end\\node_modules\\ts-node\\src\\index.ts","function":"Module.m._compile","line":1617,"method":"_compile","native":false},{"column":10,"file":"node:internal/modules/cjs/loader","function":null,"line":1893,"method":null,"native":false},{"column":12,"file":"C:\\Users\\Lenovo\\Desktop\\Student-Attendance-System\\Back-end\\node_modules\\ts-node\\src\\index.ts","function":"Object.require.extensions.<computed> [as .ts]","line":1621,"method":"ts]","native":false},{"column":32,"file":"node:internal/modules/cjs/loader","function":"Module.load","line":1480,"method":"load","native":false},{"column":12,"file":"node:internal/modules/cjs/loader","function":"Module._load","line":1299,"method":"_load","native":false},{"column":14,"file":"node:diagnostics_channel","function":"TracingChannel.traceSync","line":328,"method":"traceSync","native":false}]}
{"date":"Sun Feb 01 2026 23:46:12 GMT+0300 (Arabian Standard Time)","error":{"diagnosticCodes":[2305,2305]},"exception":true,"level":"error","message":"uncaughtException: ‚®Ø Unable to compile TypeScript:\n\u001b[96mroutes/dashboardRoutes.ts\u001b[0m:\u001b[93m3\u001b[0m:\u001b[93m29\u001b[0m - \u001b[91merror\u001b[0m\u001b[90m TS2305: \u001b[0mModule '\"../controllers/DashboardController\"' has no exported member 'getTeacherDashboard'.\r\n\r\n\u001b[7m3\u001b[0m import { getAdminDashboard, getTeacherDashboard, getStudentDashboard } from '../controllers/DashboardController';\r\n\u001b[7m \u001b[0m \u001b[91m                            ~~~~~~~~~~~~~~~~~~~\u001b[0m\r\n\u001b[96mroutes/dashboardRoutes.ts\u001b[0m:\u001b[93m3\u001b[0m:\u001b[93m50\u001b[0m - \u001b[91merror\u001b[0m\u001b[90m TS2305: \u001b[0mModule '\"../controllers/DashboardController\"' has no exported member 'getStudentDashboard'.\r\n\r\n\u001b[7m3\u001b[0m import { getAdminDashboard, getTeacherDashboard, getStudentDashboard } from '../controllers/DashboardController';\r\n\u001b[7m \u001b[0m \u001b[91m                                                 ~~~~~~~~~~~~~~~~~~~\u001b[0m\r\n\nTSError: ‚®Ø Unable to compile TypeScript:\n\u001b[96mroutes/dashboardRoutes.ts\u001b[0m:\u001b[93m3\u001b[0m:\u001b[93m29\u001b[0m - \u001b[91merror\u001b[0m\u001b[90m TS2305: \u001b[0mModule '\"../controllers/DashboardController\"' has no exported member 'getTeacherDashboard'.\r\n\r\n\u001b[7m3\u001b[0m import { getAdminDashboard, getTeacherDashboard, getStudentDashboard } from '../controllers/DashboardController';\r\n\u001b[7m \u001b[0m \u001b[91m                            ~~~~~~~~~~~~~~~~~~~\u001b[0m\r\n\u001b[96mroutes/dashboardRoutes.ts\u001b[0m:\u001b[93m3\u001b[0m:\u001b[93m50\u001b[0m - \u001b[91merror\u001b[0m\u001b[90m TS2305: \u001b[0mModule '\"../controllers/DashboardController\"' has no exported member 'getStudentDashboard'.\r\n\r\n\u001b[7m3\u001b[0m import { getAdminDashboard, getTeacherDashboard, getStudentDashboard } from '../controllers/DashboardController';\r\n\u001b[7m \u001b[0m \u001b[91m                                                 ~~~~~~~~~~~~~~~~~~~\u001b[0m\r\n\n    at createTSError (C:\\Users\\Lenovo\\Desktop\\Student-Attendance-System\\Back-end\\node_modules\\ts-node\\src\\index.ts:859:12)\n    at reportTSError (C:\\Users\\Lenovo\\Desktop\\Student-Attendance-System\\Back-end\\node_modules\\ts-node\\src\\index.ts:863:19)\n    at getOutput (C:\\Users\\Lenovo\\Desktop\\Student-Attendance-System\\Back-end\\node_modules\\ts-node\\src\\index.ts:1077:36)\n    at Object.compile (C:\\Users\\Lenovo\\Desktop\\Student-Attendance-System\\Back-end\\node_modules\\ts-node\\src\\index.ts:1433:41)\n    at Module.m._compile (C:\\Users\\Lenovo\\Desktop\\Student-Attendance-System\\Back-end\\node_modules\\ts-node\\src\\index.ts:1617:30)\n    at node:internal/modules/cjs/loader:1893:10\n    at Object.require.extensions.<computed> [as .ts] (C:\\Users\\Lenovo\\Desktop\\Student-Attendance-System\\Back-end\\node_modules\\ts-node\\src\\index.ts:1621:12)\n    at Module.load (node:internal/modules/cjs/loader:1480:32)\n    at Module._load (node:internal/modules/cjs/loader:1299:12)\n    at TracingChannel.traceSync (node:diagnostics_channel:328:14)","os":{"loadavg":[0,0,0],"uptime":840494.031},"process":{"argv":["C:\\Users\\Lenovo\\Desktop\\Student-Attendance-System\\Back-end\\node_modules\\ts-node\\dist\\bin.js","C:\\Users\\Lenovo\\Desktop\\Student-Attendance-System\\Back-end\\src\\server.ts"],"cwd":"C:\\Users\\Lenovo\\Desktop\\Student-Attendance-System\\Back-end","execPath":"C:\\Program Files\\nodejs\\node.exe","gid":null,"memoryUsage":{"arrayBuffers":7246683,"external":10802493,"heapTotal":2163822592,"heapUsed":2057477296,"rss":2279530496},"pid":8856,"uid":null,"version":"v24.10.0"},"stack":"TSError: ‚®Ø Unable to compile TypeScript:\n\u001b[96mroutes/dashboardRoutes.ts\u001b[0m:\u001b[93m3\u001b[0m:\u001b[93m29\u001b[0m - \u001b[91merror\u001b[0m\u001b[90m TS2305: \u001b[0mModule '\"../controllers/DashboardController\"' has no exported member 'getTeacherDashboard'.\r\n\r\n\u001b[7m3\u001b[0m import { getAdminDashboard, getTeacherDashboard, getStudentDashboard } from '../controllers/DashboardController';\r\n\u001b[7m \u001b[0m \u001b[91m                            ~~~~~~~~~~~~~~~~~~~\u001b[0m\r\n\u001b[96mroutes/dashboardRoutes.ts\u001b[0m:\u001b[93m3\u001b[0m:\u001b[93m50\u001b[0m - \u001b[91merror\u001b[0m\u001b[90m TS2305: \u001b[0mModule '\"../controllers/DashboardController\"' has no exported member 'getStudentDashboard'.\r\n\r\n\u001b[7m3\u001b[0m import { getAdminDashboard, getTeacherDashboard, getStudentDashboard } from '../controllers/DashboardController';\r\n\u001b[7m \u001b[0m \u001b[91m                                                 ~~~~~~~~~~~~~~~~~~~\u001b[0m\r\n\n    at createTSError (C:\\Users\\Lenovo\\Desktop\\Student-Attendance-System\\Back-end\\node_modules\\ts-node\\src\\index.ts:859:12)\n    at reportTSError (C:\\Users\\Lenovo\\Desktop\\Student-Attendance-System\\Back-end\\node_modules\\ts-node\\src\\index.ts:863:19)\n    at getOutput (C:\\Users\\Lenovo\\Desktop\\Student-Attendance-System\\Back-end\\node_modules\\ts-node\\src\\index.ts:1077:36)\n    at Object.compile (C:\\Users\\Lenovo\\Desktop\\Student-Attendance-System\\Back-end\\node_modules\\ts-node\\src\\index.ts:1433:41)\n    at Module.m._compile (C:\\Users\\Lenovo\\Desktop\\Student-Attendance-System\\Back-end\\node_modules\\ts-node\\src\\index.ts:1617:30)\n    at node:internal/modules/cjs/loader:1893:10\n    at Object.require.extensions.<computed> [as .ts] (C:\\Users\\Lenovo\\Desktop\\Student-Attendance-System\\Back-end\\node_modules\\ts-node\\src\\index.ts:1621:12)\n    at Module.load (node:internal/modules/cjs/loader:1480:32)\n    at Module._load (node:internal/modules/cjs/loader:1299:12)\n    at TracingChannel.traceSync (node:diagnostics_channel:328:14)","trace":[{"column":12,"file":"C:\\Users\\Lenovo\\Desktop\\Student-Attendance-System\\Back-end\\node_modules\\ts-node\\src\\index.ts","function":"createTSError","line":859,"method":null,"native":false},{"column":19,"file":"C:\\Users\\Lenovo\\Desktop\\Student-Attendance-System\\Back-end\\node_modules\\ts-node\\src\\index.ts","function":"reportTSError","line":863,"method":null,"native":false},{"column":36,"file":"C:\\Users\\Lenovo\\Desktop\\Student-Attendance-System\\Back-end\\node_modules\\ts-node\\src\\index.ts","function":"getOutput","line":1077,"method":null,"native":false},{"column":41,"file":"C:\\Users\\Lenovo\\Desktop\\Student-Attendance-System\\Back-end\\node_modules\\ts-node\\src\\index.ts","function":"Object.compile","line":1433,"method":"compile","native":false},{"column":30,"file":"C:\\Users\\Lenovo\\Desktop\\Student-Attendance-System\\Back-end\\node_modules\\ts-node\\src\\index.ts","function":"Module.m._compile","line":1617,"method":"_compile","native":false},{"column":10,"file":"node:internal/modules/cjs/loader","function":null,"line":1893,"method":null,"native":false},{"column":12,"file":"C:\\Users\\Lenovo\\Desktop\\Student-Attendance-System\\Back-end\\node_modules\\ts-node\\src\\index.ts","function":"Object.require.extensions.<computed> [as .ts]","line":1621,"method":"ts]","native":false},{"column":32,"file":"node:internal/modules/cjs/loader","function":"Module.load","line":1480,"method":"load","native":false},{"column":12,"file":"node:internal/modules/cjs/loader","function":"Module._load","line":1299,"method":"_load","native":false},{"column":14,"file":"node:diagnostics_channel","function":"TracingChannel.traceSync","line":328,"method":"traceSync","native":false}]}
{"date":"Sun Feb 01 2026 23:46:53 GMT+0300 (Arabian Standard Time)","error":{"diagnosticCodes":[2353,2353,2353]},"exception":true,"level":"error","message":"uncaughtException: ‚®Ø Unable to compile TypeScript:\n\u001b[96mcontrollers/DashboardController.ts\u001b[0m:\u001b[93m45\u001b[0m:\u001b[93m59\u001b[0m - \u001b[91merror\u001b[0m\u001b[90m TS2353: \u001b[0mObject literal may only specify known properties, and 'student_number' does not exist in type 'StudentSelect<DefaultArgs>'.\r\n\r\n\u001b[7m45\u001b[0m             student: { select: { name: true, email: true, student_number: true } },\r\n\u001b[7m  \u001b[0m \u001b[91m                                                          ~~~~~~~~~~~~~~\u001b[0m\r\n\u001b[96mcontrollers/DashboardController.ts\u001b[0m:\u001b[93m58\u001b[0m:\u001b[93m13\u001b[0m - \u001b[91merror\u001b[0m\u001b[90m TS2353: \u001b[0mObject literal may only specify known properties, and 'status' does not exist in type 'SessionWhereInput'.\r\n\r\n\u001b[7m58\u001b[0m             status: 'active',\r\n\u001b[7m  \u001b[0m \u001b[91m            ~~~~~~\u001b[0m\r\n\u001b[96mcontrollers/DashboardController.ts\u001b[0m:\u001b[93m195\u001b[0m:\u001b[93m46\u001b[0m - \u001b[91merror\u001b[0m\u001b[90m TS2353: \u001b[0mObject literal may only specify known properties, and 'student_number' does not exist in type 'StudentSelect<DefaultArgs>'.\r\n\r\n\u001b[7m195\u001b[0m             student: { select: { name: true, student_number: true } },\r\n\u001b[7m   \u001b[0m \u001b[91m                                             ~~~~~~~~~~~~~~\u001b[0m\r\n\nTSError: ‚®Ø Unable to compile TypeScript:\n\u001b[96mcontrollers/DashboardController.ts\u001b[0m:\u001b[93m45\u001b[0m:\u001b[93m59\u001b[0m - \u001b[91merror\u001b[0m\u001b[90m TS2353: \u001b[0mObject literal may only specify known properties, and 'student_number' does not exist in type 'StudentSelect<DefaultArgs>'.\r\n\r\n\u001b[7m45\u001b[0m             student: { select: { name: true, email: true, student_number: true } },\r\n\u001b[7m  \u001b[0m \u001b[91m                                                          ~~~~~~~~~~~~~~\u001b[0m\r\n\u001b[96mcontrollers/DashboardController.ts\u001b[0m:\u001b[93m58\u001b[0m:\u001b[93m13\u001b[0m - \u001b[91merror\u001b[0m\u001b[90m TS2353: \u001b[0mObject literal may only specify known properties, and 'status' does not exist in type 'SessionWhereInput'.\r\n\r\n\u001b[7m58\u001b[0m             status: 'active',\r\n\u001b[7m  \u001b[0m \u001b[91m            ~~~~~~\u001b[0m\r\n\u001b[96mcontrollers/DashboardController.ts\u001b[0m:\u001b[93m195\u001b[0m:\u001b[93m46\u001b[0m - \u001b[91merror\u001b[0m\u001b[90m TS2353: \u001b[0mObject literal may only specify known properties, and 'student_number' does not exist in type 'StudentSelect<DefaultArgs>'.\r\n\r\n\u001b[7m195\u001b[0m             student: { select: { name: true, student_number: true } },\r\n\u001b[7m   \u001b[0m \u001b[91m                                             ~~~~~~~~~~~~~~\u001b[0m\r\n\n    at createTSError (C:\\Users\\Lenovo\\Desktop\\Student-Attendance-System\\Back-end\\node_modules\\ts-node\\src\\index.ts:859:12)\n    at reportTSError (C:\\Users\\Lenovo\\Desktop\\Student-Attendance-System\\Back-end\\node_modules\\ts-node\\src\\index.ts:863:19)\n    at getOutput (C:\\Users\\Lenovo\\Desktop\\Student-Attendance-System\\Back-end\\node_modules\\ts-node\\src\\index.ts:1077:36)\n    at Object.compile (C:\\Users\\Lenovo\\Desktop\\Student-Attendance-System\\Back-end\\node_modules\\ts-node\\src\\index.ts:1433:41)\n    at Module.m._compile (C:\\Users\\Lenovo\\Desktop\\Student-Attendance-System\\Back-end\\node_modules\\ts-node\\src\\index.ts:1617:30)\n    at node:internal/modules/cjs/loader:1893:10\n    at Object.require.extensions.<computed> [as .ts] (C:\\Users\\Lenovo\\Desktop\\Student-Attendance-System\\Back-end\\node_modules\\ts-node\\src\\index.ts:1621:12)\n    at Module.load (node:internal/modules/cjs/loader:1480:32)\n    at Module._load (node:internal/modules/cjs/loader:1299:12)\n    at TracingChannel.traceSync (node:diagnostics_channel:328:14)","os":{"loadavg":[0,0,0],"uptime":840535.593},"process":{"argv":["C:\\Users\\Lenovo\\Desktop\\Student-Attendance-System\\Back-end\\node_modules\\ts-node\\dist\\bin.js","C:\\Users\\Lenovo\\Desktop\\Student-Attendance-System\\Back-end\\src\\server.ts"],"cwd":"C:\\Users\\Lenovo\\Desktop\\Student-Attendance-System\\Back-end","execPath":"C:\\Program Files\\nodejs\\node.exe","gid":null,"memoryUsage":{"arrayBuffers":7864610,"external":11420420,"heapTotal":2165678080,"heapUsed":2079032360,"rss":2282065920},"pid":18188,"uid":null,"version":"v24.10.0"},"stack":"TSError: ‚®Ø Unable to compile TypeScript:\n\u001b[96mcontrollers/DashboardController.ts\u001b[0m:\u001b[93m45\u001b[0m:\u001b[93m59\u001b[0m - \u001b[91merror\u001b[0m\u001b[90m TS2353: \u001b[0mObject literal may only specify known properties, and 'student_number' does not exist in type 'StudentSelect<DefaultArgs>'.\r\n\r\n\u001b[7m45\u001b[0m             student: { select: { name: true, email: true, student_number: true } },\r\n\u001b[7m  \u001b[0m \u001b[91m                                                          ~~~~~~~~~~~~~~\u001b[0m\r\n\u001b[96mcontrollers/DashboardController.ts\u001b[0m:\u001b[93m58\u001b[0m:\u001b[93m13\u001b[0m - \u001b[91merror\u001b[0m\u001b[90m TS2353: \u001b[0mObject literal may only specify known properties, and 'status' does not exist in type 'SessionWhereInput'.\r\n\r\n\u001b[7m58\u001b[0m             status: 'active',\r\n\u001b[7m  \u001b[0m \u001b[91m            ~~~~~~\u001b[0m\r\n\u001b[96mcontrollers/DashboardController.ts\u001b[0m:\u001b[93m195\u001b[0m:\u001b[93m46\u001b[0m - \u001b[91merror\u001b[0m\u001b[90m TS2353: \u001b[0mObject literal may only specify known properties, and 'student_number' does not exist in type 'StudentSelect<DefaultArgs>'.\r\n\r\n\u001b[7m195\u001b[0m             student: { select: { name: true, student_number: true } },\r\n\u001b[7m   \u001b[0m \u001b[91m                                             ~~~~~~~~~~~~~~\u001b[0m\r\n\n    at createTSError (C:\\Users\\Lenovo\\Desktop\\Student-Attendance-System\\Back-end\\node_modules\\ts-node\\src\\index.ts:859:12)\n    at reportTSError (C:\\Users\\Lenovo\\Desktop\\Student-Attendance-System\\Back-end\\node_modules\\ts-node\\src\\index.ts:863:19)\n    at getOutput (C:\\Users\\Lenovo\\Desktop\\Student-Attendance-System\\Back-end\\node_modules\\ts-node\\src\\index.ts:1077:36)\n    at Object.compile (C:\\Users\\Lenovo\\Desktop\\Student-Attendance-System\\Back-end\\node_modules\\ts-node\\src\\index.ts:1433:41)\n    at Module.m._compile (C:\\Users\\Lenovo\\Desktop\\Student-Attendance-System\\Back-end\\node_modules\\ts-node\\src\\index.ts:1617:30)\n    at node:internal/modules/cjs/loader:1893:10\n    at Object.require.extensions.<computed> [as .ts] (C:\\Users\\Lenovo\\Desktop\\Student-Attendance-System\\Back-end\\node_modules\\ts-node\\src\\index.ts:1621:12)\n    at Module.load (node:internal/modules/cjs/loader:1480:32)\n    at Module._load (node:internal/modules/cjs/loader:1299:12)\n    at TracingChannel.traceSync (node:diagnostics_channel:328:14)","trace":[{"column":12,"file":"C:\\Users\\Lenovo\\Desktop\\Student-Attendance-System\\Back-end\\node_modules\\ts-node\\src\\index.ts","function":"createTSError","line":859,"method":null,"native":false},{"column":19,"file":"C:\\Users\\Lenovo\\Desktop\\Student-Attendance-System\\Back-end\\node_modules\\ts-node\\src\\index.ts","function":"reportTSError","line":863,"method":null,"native":false},{"column":36,"file":"C:\\Users\\Lenovo\\Desktop\\Student-Attendance-System\\Back-end\\node_modules\\ts-node\\src\\index.ts","function":"getOutput","line":1077,"method":null,"native":false},{"column":41,"file":"C:\\Users\\Lenovo\\Desktop\\Student-Attendance-System\\Back-end\\node_modules\\ts-node\\src\\index.ts","function":"Object.compile","line":1433,"method":"compile","native":false},{"column":30,"file":"C:\\Users\\Lenovo\\Desktop\\Student-Attendance-System\\Back-end\\node_modules\\ts-node\\src\\index.ts","function":"Module.m._compile","line":1617,"method":"_compile","native":false},{"column":10,"file":"node:internal/modules/cjs/loader","function":null,"line":1893,"method":null,"native":false},{"column":12,"file":"C:\\Users\\Lenovo\\Desktop\\Student-Attendance-System\\Back-end\\node_modules\\ts-node\\src\\index.ts","function":"Object.require.extensions.<computed> [as .ts]","line":1621,"method":"ts]","native":false},{"column":32,"file":"node:internal/modules/cjs/loader","function":"Module.load","line":1480,"method":"load","native":false},{"column":12,"file":"node:internal/modules/cjs/loader","function":"Module._load","line":1299,"method":"_load","native":false},{"column":14,"file":"node:diagnostics_channel","function":"TracingChannel.traceSync","line":328,"method":"traceSync","native":false}]}
{"date":"Sun Feb 01 2026 23:48:28 GMT+0300 (Arabian Standard Time)","error":{"diagnosticCodes":[2353,2353]},"exception":true,"level":"error","message":"uncaughtException: ‚®Ø Unable to compile TypeScript:\n\u001b[96mcontrollers/DashboardController.ts\u001b[0m:\u001b[93m58\u001b[0m:\u001b[93m13\u001b[0m - \u001b[91merror\u001b[0m\u001b[90m TS2353: \u001b[0mObject literal may only specify known properties, and 'ended_at' does not exist in type 'SessionWhereInput'.\r\n\r\n\u001b[7m58\u001b[0m             ended_at: null,\r\n\u001b[7m  \u001b[0m \u001b[91m            ~~~~~~~~\u001b[0m\r\n\u001b[96mcontrollers/DashboardController.ts\u001b[0m:\u001b[93m195\u001b[0m:\u001b[93m46\u001b[0m - \u001b[91merror\u001b[0m\u001b[90m TS2353: \u001b[0mObject literal may only specify known properties, and 'student_number' does not exist in type 'StudentSelect<DefaultArgs>'.\r\n\r\n\u001b[7m195\u001b[0m             student: { select: { name: true, student_number: true } },\r\n\u001b[7m   \u001b[0m \u001b[91m                                             ~~~~~~~~~~~~~~\u001b[0m\r\n\nTSError: ‚®Ø Unable to compile TypeScript:\n\u001b[96mcontrollers/DashboardController.ts\u001b[0m:\u001b[93m58\u001b[0m:\u001b[93m13\u001b[0m - \u001b[91merror\u001b[0m\u001b[90m TS2353: \u001b[0mObject literal may only specify known properties, and 'ended_at' does not exist in type 'SessionWhereInput'.\r\n\r\n\u001b[7m58\u001b[0m             ended_at: null,\r\n\u001b[7m  \u001b[0m \u001b[91m            ~~~~~~~~\u001b[0m\r\n\u001b[96mcontrollers/DashboardController.ts\u001b[0m:\u001b[93m195\u001b[0m:\u001b[93m46\u001b[0m - \u001b[91merror\u001b[0m\u001b[90m TS2353: \u001b[0mObject literal may only specify known properties, and 'student_number' does not exist in type 'StudentSelect<DefaultArgs>'.\r\n\r\n\u001b[7m195\u001b[0m             student: { select: { name: true, student_number: true } },\r\n\u001b[7m   \u001b[0m \u001b[91m                                             ~~~~~~~~~~~~~~\u001b[0m\r\n\n    at createTSError (C:\\Users\\Lenovo\\Desktop\\Student-Attendance-System\\Back-end\\node_modules\\ts-node\\src\\index.ts:859:12)\n    at reportTSError (C:\\Users\\Lenovo\\Desktop\\Student-Attendance-System\\Back-end\\node_modules\\ts-node\\src\\index.ts:863:19)\n    at getOutput (C:\\Users\\Lenovo\\Desktop\\Student-Attendance-System\\Back-end\\node_modules\\ts-node\\src\\index.ts:1077:36)\n    at Object.compile (C:\\Users\\Lenovo\\Desktop\\Student-Attendance-System\\Back-end\\node_modules\\ts-node\\src\\index.ts:1433:41)\n    at Module.m._compile (C:\\Users\\Lenovo\\Desktop\\Student-Attendance-System\\Back-end\\node_modules\\ts-node\\src\\index.ts:1617:30)\n    at node:internal/modules/cjs/loader:1893:10\n    at Object.require.extensions.<computed> [as .ts] (C:\\Users\\Lenovo\\Desktop\\Student-Attendance-System\\Back-end\\node_modules\\ts-node\\src\\index.ts:1621:12)\n    at Module.load (node:internal/modules/cjs/loader:1480:32)\n    at Module._load (node:internal/modules/cjs/loader:1299:12)\n    at TracingChannel.traceSync (node:diagnostics_channel:328:14)","os":{"loadavg":[0,0,0],"uptime":840630.5},"process":{"argv":["C:\\Users\\Lenovo\\Desktop\\Student-Attendance-System\\Back-end\\node_modules\\ts-node\\dist\\bin.js","C:\\Users\\Lenovo\\Desktop\\Student-Attendance-System\\Back-end\\src\\server.ts"],"cwd":"C:\\Users\\Lenovo\\Desktop\\Student-Attendance-System\\Back-end","execPath":"C:\\Program Files\\nodejs\\node.exe","gid":null,"memoryUsage":{"arrayBuffers":7872826,"external":11428636,"heapTotal":2168037376,"heapUsed":2078003536,"rss":2283061248},"pid":65496,"uid":null,"version":"v24.10.0"},"stack":"TSError: ‚®Ø Unable to compile TypeScript:\n\u001b[96mcontrollers/DashboardController.ts\u001b[0m:\u001b[93m58\u001b[0m:\u001b[93m13\u001b[0m - \u001b[91merror\u001b[0m\u001b[90m TS2353: \u001b[0mObject literal may only specify known properties, and 'ended_at' does not exist in type 'SessionWhereInput'.\r\n\r\n\u001b[7m58\u001b[0m             ended_at: null,\r\n\u001b[7m  \u001b[0m \u001b[91m            ~~~~~~~~\u001b[0m\r\n\u001b[96mcontrollers/DashboardController.ts\u001b[0m:\u001b[93m195\u001b[0m:\u001b[93m46\u001b[0m - \u001b[91merror\u001b[0m\u001b[90m TS2353: \u001b[0mObject literal may only specify known properties, and 'student_number' does not exist in type 'StudentSelect<DefaultArgs>'.\r\n\r\n\u001b[7m195\u001b[0m             student: { select: { name: true, student_number: true } },\r\n\u001b[7m   \u001b[0m \u001b[91m                                             ~~~~~~~~~~~~~~\u001b[0m\r\n\n    at createTSError (C:\\Users\\Lenovo\\Desktop\\Student-Attendance-System\\Back-end\\node_modules\\ts-node\\src\\index.ts:859:12)\n    at reportTSError (C:\\Users\\Lenovo\\Desktop\\Student-Attendance-System\\Back-end\\node_modules\\ts-node\\src\\index.ts:863:19)\n    at getOutput (C:\\Users\\Lenovo\\Desktop\\Student-Attendance-System\\Back-end\\node_modules\\ts-node\\src\\index.ts:1077:36)\n    at Object.compile (C:\\Users\\Lenovo\\Desktop\\Student-Attendance-System\\Back-end\\node_modules\\ts-node\\src\\index.ts:1433:41)\n    at Module.m._compile (C:\\Users\\Lenovo\\Desktop\\Student-Attendance-System\\Back-end\\node_modules\\ts-node\\src\\index.ts:1617:30)\n    at node:internal/modules/cjs/loader:1893:10\n    at Object.require.extensions.<computed> [as .ts] (C:\\Users\\Lenovo\\Desktop\\Student-Attendance-System\\Back-end\\node_modules\\ts-node\\src\\index.ts:1621:12)\n    at Module.load (node:internal/modules/cjs/loader:1480:32)\n    at Module._load (node:internal/modules/cjs/loader:1299:12)\n    at TracingChannel.traceSync (node:diagnostics_channel:328:14)","trace":[{"column":12,"file":"C:\\Users\\Lenovo\\Desktop\\Student-Attendance-System\\Back-end\\node_modules\\ts-node\\src\\index.ts","function":"createTSError","line":859,"method":null,"native":false},{"column":19,"file":"C:\\Users\\Lenovo\\Desktop\\Student-Attendance-System\\Back-end\\node_modules\\ts-node\\src\\index.ts","function":"reportTSError","line":863,"method":null,"native":false},{"column":36,"file":"C:\\Users\\Lenovo\\Desktop\\Student-Attendance-System\\Back-end\\node_modules\\ts-node\\src\\index.ts","function":"getOutput","line":1077,"method":null,"native":false},{"column":41,"file":"C:\\Users\\Lenovo\\Desktop\\Student-Attendance-System\\Back-end\\node_modules\\ts-node\\src\\index.ts","function":"Object.compile","line":1433,"method":"compile","native":false},{"column":30,"file":"C:\\Users\\Lenovo\\Desktop\\Student-Attendance-System\\Back-end\\node_modules\\ts-node\\src\\index.ts","function":"Module.m._compile","line":1617,"method":"_compile","native":false},{"column":10,"file":"node:internal/modules/cjs/loader","function":null,"line":1893,"method":null,"native":false},{"column":12,"file":"C:\\Users\\Lenovo\\Desktop\\Student-Attendance-System\\Back-end\\node_modules\\ts-node\\src\\index.ts","function":"Object.require.extensions.<computed> [as .ts]","line":1621,"method":"ts]","native":false},{"column":32,"file":"node:internal/modules/cjs/loader","function":"Module.load","line":1480,"method":"load","native":false},{"column":12,"file":"node:internal/modules/cjs/loader","function":"Module._load","line":1299,"method":"_load","native":false},{"column":14,"file":"node:diagnostics_channel","function":"TracingChannel.traceSync","line":328,"method":"traceSync","native":false}]}
{"date":"Sun Feb 01 2026 23:48:53 GMT+0300 (Arabian Standard Time)","error":{"diagnosticCodes":[2353]},"exception":true,"level":"error","message":"uncaughtException: ‚®Ø Unable to compile TypeScript:\n\u001b[96mcontrollers/DashboardController.ts\u001b[0m:\u001b[93m195\u001b[0m:\u001b[93m46\u001b[0m - \u001b[91merror\u001b[0m\u001b[90m TS2353: \u001b[0mObject literal may only specify known properties, and 'student_number' does not exist in type 'StudentSelect<DefaultArgs>'.\r\n\r\n\u001b[7m195\u001b[0m             student: { select: { name: true, student_number: true } },\r\n\u001b[7m   \u001b[0m \u001b[91m                                             ~~~~~~~~~~~~~~\u001b[0m\r\n\nTSError: ‚®Ø Unable to compile TypeScript:\n\u001b[96mcontrollers/DashboardController.ts\u001b[0m:\u001b[93m195\u001b[0m:\u001b[93m46\u001b[0m - \u001b[91merror\u001b[0m\u001b[90m TS2353: \u001b[0mObject literal may only specify known properties, and 'student_number' does not exist in type 'StudentSelect<DefaultArgs>'.\r\n\r\n\u001b[7m195\u001b[0m             student: { select: { name: true, student_number: true } },\r\n\u001b[7m   \u001b[0m \u001b[91m                                             ~~~~~~~~~~~~~~\u001b[0m\r\n\n    at createTSError (C:\\Users\\Lenovo\\Desktop\\Student-Attendance-System\\Back-end\\node_modules\\ts-node\\src\\index.ts:859:12)\n    at reportTSError (C:\\Users\\Lenovo\\Desktop\\Student-Attendance-System\\Back-end\\node_modules\\ts-node\\src\\index.ts:863:19)\n    at getOutput (C:\\Users\\Lenovo\\Desktop\\Student-Attendance-System\\Back-end\\node_modules\\ts-node\\src\\index.ts:1077:36)\n    at Object.compile (C:\\Users\\Lenovo\\Desktop\\Student-Attendance-System\\Back-end\\node_modules\\ts-node\\src\\index.ts:1433:41)\n    at Module.m._compile (C:\\Users\\Lenovo\\Desktop\\Student-Attendance-System\\Back-end\\node_modules\\ts-node\\src\\index.ts:1617:30)\n    at node:internal/modules/cjs/loader:1893:10\n    at Object.require.extensions.<computed> [as .ts] (C:\\Users\\Lenovo\\Desktop\\Student-Attendance-System\\Back-end\\node_modules\\ts-node\\src\\index.ts:1621:12)\n    at Module.load (node:internal/modules/cjs/loader:1480:32)\n    at Module._load (node:internal/modules/cjs/loader:1299:12)\n    at TracingChannel.traceSync (node:diagnostics_channel:328:14)","os":{"loadavg":[0,0,0],"uptime":840655.265},"process":{"argv":["C:\\Users\\Lenovo\\Desktop\\Student-Attendance-System\\Back-end\\node_modules\\ts-node\\dist\\bin.js","C:\\Users\\Lenovo\\Desktop\\Student-Attendance-System\\Back-end\\src\\server.ts"],"cwd":"C:\\Users\\Lenovo\\Desktop\\Student-Attendance-System\\Back-end","execPath":"C:\\Program Files\\nodejs\\node.exe","gid":null,"memoryUsage":{"arrayBuffers":8089451,"external":11725505,"heapTotal":2160037888,"heapUsed":2035734456,"rss":2276438016},"pid":44956,"uid":null,"version":"v24.10.0"},"stack":"TSError: ‚®Ø Unable to compile TypeScript:\n\u001b[96mcontrollers/DashboardController.ts\u001b[0m:\u001b[93m195\u001b[0m:\u001b[93m46\u001b[0m - \u001b[91merror\u001b[0m\u001b[90m TS2353: \u001b[0mObject literal may only specify known properties, and 'student_number' does not exist in type 'StudentSelect<DefaultArgs>'.\r\n\r\n\u001b[7m195\u001b[0m             student: { select: { name: true, student_number: true } },\r\n\u001b[7m   \u001b[0m \u001b[91m                                             ~~~~~~~~~~~~~~\u001b[0m\r\n\n    at createTSError (C:\\Users\\Lenovo\\Desktop\\Student-Attendance-System\\Back-end\\node_modules\\ts-node\\src\\index.ts:859:12)\n    at reportTSError (C:\\Users\\Lenovo\\Desktop\\Student-Attendance-System\\Back-end\\node_modules\\ts-node\\src\\index.ts:863:19)\n    at getOutput (C:\\Users\\Lenovo\\Desktop\\Student-Attendance-System\\Back-end\\node_modules\\ts-node\\src\\index.ts:1077:36)\n    at Object.compile (C:\\Users\\Lenovo\\Desktop\\Student-Attendance-System\\Back-end\\node_modules\\ts-node\\src\\index.ts:1433:41)\n    at Module.m._compile (C:\\Users\\Lenovo\\Desktop\\Student-Attendance-System\\Back-end\\node_modules\\ts-node\\src\\index.ts:1617:30)\n    at node:internal/modules/cjs/loader:1893:10\n    at Object.require.extensions.<computed> [as .ts] (C:\\Users\\Lenovo\\Desktop\\Student-Attendance-System\\Back-end\\node_modules\\ts-node\\src\\index.ts:1621:12)\n    at Module.load (node:internal/modules/cjs/loader:1480:32)\n    at Module._load (node:internal/modules/cjs/loader:1299:12)\n    at TracingChannel.traceSync (node:diagnostics_channel:328:14)","trace":[{"column":12,"file":"C:\\Users\\Lenovo\\Desktop\\Student-Attendance-System\\Back-end\\node_modules\\ts-node\\src\\index.ts","function":"createTSError","line":859,"method":null,"native":false},{"column":19,"file":"C:\\Users\\Lenovo\\Desktop\\Student-Attendance-System\\Back-end\\node_modules\\ts-node\\src\\index.ts","function":"reportTSError","line":863,"method":null,"native":false},{"column":36,"file":"C:\\Users\\Lenovo\\Desktop\\Student-Attendance-System\\Back-end\\node_modules\\ts-node\\src\\index.ts","function":"getOutput","line":1077,"method":null,"native":false},{"column":41,"file":"C:\\Users\\Lenovo\\Desktop\\Student-Attendance-System\\Back-end\\node_modules\\ts-node\\src\\index.ts","function":"Object.compile","line":1433,"method":"compile","native":false},{"column":30,"file":"C:\\Users\\Lenovo\\Desktop\\Student-Attendance-System\\Back-end\\node_modules\\ts-node\\src\\index.ts","function":"Module.m._compile","line":1617,"method":"_compile","native":false},{"column":10,"file":"node:internal/modules/cjs/loader","function":null,"line":1893,"method":null,"native":false},{"column":12,"file":"C:\\Users\\Lenovo\\Desktop\\Student-Attendance-System\\Back-end\\node_modules\\ts-node\\src\\index.ts","function":"Object.require.extensions.<computed> [as .ts]","line":1621,"method":"ts]","native":false},{"column":32,"file":"node:internal/modules/cjs/loader","function":"Module.load","line":1480,"method":"load","native":false},{"column":12,"file":"node:internal/modules/cjs/loader","function":"Module._load","line":1299,"method":"_load","native":false},{"column":14,"file":"node:diagnostics_channel","function":"TracingChannel.traceSync","line":328,"method":"traceSync","native":false}]}
{"date":"Mon Feb 02 2026 00:08:17 GMT+0300 (Arabian Standard Time)","error":{"diagnosticCodes":[2305,2339,2339,2339]},"exception":true,"level":"error","message":"uncaughtException: ‚®Ø Unable to compile TypeScript:\n\u001b[96mutils/absenceWarningService.ts\u001b[0m:\u001b[93m2\u001b[0m:\u001b[93m10\u001b[0m - \u001b[91merror\u001b[0m\u001b[90m TS2305: \u001b[0mModule '\"@prisma/client\"' has no exported member 'WarningType'.\r\n\r\n\u001b[7m2\u001b[0m import { WarningType } from '@prisma/client';\r\n\u001b[7m \u001b[0m \u001b[91m         ~~~~~~~~~~~\u001b[0m\r\n\u001b[96mutils/absenceWarningService.ts\u001b[0m:\u001b[93m52\u001b[0m:\u001b[93m46\u001b[0m - \u001b[91merror\u001b[0m\u001b[90m TS2339: \u001b[0mProperty 'absenceWarning' does not exist on type 'PrismaClient<PrismaClientOptions, never, DefaultArgs>'.\r\n\r\n\u001b[7m52\u001b[0m         const existingWarning = await prisma.absenceWarning.findFirst({\r\n\u001b[7m  \u001b[0m \u001b[91m                                             ~~~~~~~~~~~~~~\u001b[0m\r\n\u001b[96mutils/absenceWarningService.ts\u001b[0m:\u001b[93m278\u001b[0m:\u001b[93m26\u001b[0m - \u001b[91merror\u001b[0m\u001b[90m TS2339: \u001b[0mProperty 'absenceWarning' does not exist on type 'PrismaClient<PrismaClientOptions, never, DefaultArgs>'.\r\n\r\n\u001b[7m278\u001b[0m             await prisma.absenceWarning.create({\r\n\u001b[7m   \u001b[0m \u001b[91m                         ~~~~~~~~~~~~~~\u001b[0m\r\n\u001b[96mutils/absenceWarningService.ts\u001b[0m:\u001b[93m355\u001b[0m:\u001b[93m38\u001b[0m - \u001b[91merror\u001b[0m\u001b[90m TS2339: \u001b[0mProperty 'absenceWarning' does not exist on type 'PrismaClient<PrismaClientOptions, never, DefaultArgs>'.\r\n\r\n\u001b[7m355\u001b[0m                         await prisma.absenceWarning.create({\r\n\u001b[7m   \u001b[0m \u001b[91m                                     ~~~~~~~~~~~~~~\u001b[0m\r\n\nTSError: ‚®Ø Unable to compile TypeScript:\n\u001b[96mutils/absenceWarningService.ts\u001b[0m:\u001b[93m2\u001b[0m:\u001b[93m10\u001b[0m - \u001b[91merror\u001b[0m\u001b[90m TS2305: \u001b[0mModule '\"@prisma/client\"' has no exported member 'WarningType'.\r\n\r\n\u001b[7m2\u001b[0m import { WarningType } from '@prisma/client';\r\n\u001b[7m \u001b[0m \u001b[91m         ~~~~~~~~~~~\u001b[0m\r\n\u001b[96mutils/absenceWarningService.ts\u001b[0m:\u001b[93m52\u001b[0m:\u001b[93m46\u001b[0m - \u001b[91merror\u001b[0m\u001b[90m TS2339: \u001b[0mProperty 'absenceWarning' does not exist on type 'PrismaClient<PrismaClientOptions, never, DefaultArgs>'.\r\n\r\n\u001b[7m52\u001b[0m         const existingWarning = await prisma.absenceWarning.findFirst({\r\n\u001b[7m  \u001b[0m \u001b[91m                                             ~~~~~~~~~~~~~~\u001b[0m\r\n\u001b[96mutils/absenceWarningService.ts\u001b[0m:\u001b[93m278\u001b[0m:\u001b[93m26\u001b[0m - \u001b[91merror\u001b[0m\u001b[90m TS2339: \u001b[0mProperty 'absenceWarning' does not exist on type 'PrismaClient<PrismaClientOptions, never, DefaultArgs>'.\r\n\r\n\u001b[7m278\u001b[0m             await prisma.absenceWarning.create({\r\n\u001b[7m   \u001b[0m \u001b[91m                         ~~~~~~~~~~~~~~\u001b[0m\r\n\u001b[96mutils/absenceWarningService.ts\u001b[0m:\u001b[93m355\u001b[0m:\u001b[93m38\u001b[0m - \u001b[91merror\u001b[0m\u001b[90m TS2339: \u001b[0mProperty 'absenceWarning' does not exist on type 'PrismaClient<PrismaClientOptions, never, DefaultArgs>'.\r\n\r\n\u001b[7m355\u001b[0m                         await prisma.absenceWarning.create({\r\n\u001b[7m   \u001b[0m \u001b[91m                                     ~~~~~~~~~~~~~~\u001b[0m\r\n\n    at createTSError (C:\\Users\\Lenovo\\Desktop\\Student-Attendance-System\\Back-end\\node_modules\\ts-node\\src\\index.ts:859:12)\n    at reportTSError (C:\\Users\\Lenovo\\Desktop\\Student-Attendance-System\\Back-end\\node_modules\\ts-node\\src\\index.ts:863:19)\n    at getOutput (C:\\Users\\Lenovo\\Desktop\\Student-Attendance-System\\Back-end\\node_modules\\ts-node\\src\\index.ts:1077:36)\n    at Object.compile (C:\\Users\\Lenovo\\Desktop\\Student-Attendance-System\\Back-end\\node_modules\\ts-node\\src\\index.ts:1433:41)\n    at Module.m._compile (C:\\Users\\Lenovo\\Desktop\\Student-Attendance-System\\Back-end\\node_modules\\ts-node\\src\\index.ts:1617:30)\n    at node:internal/modules/cjs/loader:1893:10\n    at Object.require.extensions.<computed> [as .ts] (C:\\Users\\Lenovo\\Desktop\\Student-Attendance-System\\Back-end\\node_modules\\ts-node\\src\\index.ts:1621:12)\n    at Module.load (node:internal/modules/cjs/loader:1480:32)\n    at Module._load (node:internal/modules/cjs/loader:1299:12)\n    at TracingChannel.traceSync (node:diagnostics_channel:328:14)","os":{"loadavg":[0,0,0],"uptime":841819.375},"process":{"argv":["C:\\Users\\Lenovo\\Desktop\\Student-Attendance-System\\Back-end\\node_modules\\ts-node\\dist\\bin.js","C:\\Users\\Lenovo\\Desktop\\Student-Attendance-System\\Back-end\\src\\server.ts"],"cwd":"C:\\Users\\Lenovo\\Desktop\\Student-Attendance-System\\Back-end","execPath":"C:\\Program Files\\nodejs\\node.exe","gid":null,"memoryUsage":{"arrayBuffers":7183570,"external":10739380,"heapTotal":2148364288,"heapUsed":2036557824,"rss":2264035328},"pid":27608,"uid":null,"version":"v24.10.0"},"stack":"TSError: ‚®Ø Unable to compile TypeScript:\n\u001b[96mutils/absenceWarningService.ts\u001b[0m:\u001b[93m2\u001b[0m:\u001b[93m10\u001b[0m - \u001b[91merror\u001b[0m\u001b[90m TS2305: \u001b[0mModule '\"@prisma/client\"' has no exported member 'WarningType'.\r\n\r\n\u001b[7m2\u001b[0m import { WarningType } from '@prisma/client';\r\n\u001b[7m \u001b[0m \u001b[91m         ~~~~~~~~~~~\u001b[0m\r\n\u001b[96mutils/absenceWarningService.ts\u001b[0m:\u001b[93m52\u001b[0m:\u001b[93m46\u001b[0m - \u001b[91merror\u001b[0m\u001b[90m TS2339: \u001b[0mProperty 'absenceWarning' does not exist on type 'PrismaClient<PrismaClientOptions, never, DefaultArgs>'.\r\n\r\n\u001b[7m52\u001b[0m         const existingWarning = await prisma.absenceWarning.findFirst({\r\n\u001b[7m  \u001b[0m \u001b[91m                                             ~~~~~~~~~~~~~~\u001b[0m\r\n\u001b[96mutils/absenceWarningService.ts\u001b[0m:\u001b[93m278\u001b[0m:\u001b[93m26\u001b[0m - \u001b[91merror\u001b[0m\u001b[90m TS2339: \u001b[0mProperty 'absenceWarning' does not exist on type 'PrismaClient<PrismaClientOptions, never, DefaultArgs>'.\r\n\r\n\u001b[7m278\u001b[0m             await prisma.absenceWarning.create({\r\n\u001b[7m   \u001b[0m \u001b[91m                         ~~~~~~~~~~~~~~\u001b[0m\r\n\u001b[96mutils/absenceWarningService.ts\u001b[0m:\u001b[93m355\u001b[0m:\u001b[93m38\u001b[0m - \u001b[91merror\u001b[0m\u001b[90m TS2339: \u001b[0mProperty 'absenceWarning' does not exist on type 'PrismaClient<PrismaClientOptions, never, DefaultArgs>'.\r\n\r\n\u001b[7m355\u001b[0m                         await prisma.absenceWarning.create({\r\n\u001b[7m   \u001b[0m \u001b[91m                                     ~~~~~~~~~~~~~~\u001b[0m\r\n\n    at createTSError (C:\\Users\\Lenovo\\Desktop\\Student-Attendance-System\\Back-end\\node_modules\\ts-node\\src\\index.ts:859:12)\n    at reportTSError (C:\\Users\\Lenovo\\Desktop\\Student-Attendance-System\\Back-end\\node_modules\\ts-node\\src\\index.ts:863:19)\n    at getOutput (C:\\Users\\Lenovo\\Desktop\\Student-Attendance-System\\Back-end\\node_modules\\ts-node\\src\\index.ts:1077:36)\n    at Object.compile (C:\\Users\\Lenovo\\Desktop\\Student-Attendance-System\\Back-end\\node_modules\\ts-node\\src\\index.ts:1433:41)\n    at Module.m._compile (C:\\Users\\Lenovo\\Desktop\\Student-Attendance-System\\Back-end\\node_modules\\ts-node\\src\\index.ts:1617:30)\n    at node:internal/modules/cjs/loader:1893:10\n    at Object.require.extensions.<computed> [as .ts] (C:\\Users\\Lenovo\\Desktop\\Student-Attendance-System\\Back-end\\node_modules\\ts-node\\src\\index.ts:1621:12)\n    at Module.load (node:internal/modules/cjs/loader:1480:32)\n    at Module._load (node:internal/modules/cjs/loader:1299:12)\n    at TracingChannel.traceSync (node:diagnostics_channel:328:14)","trace":[{"column":12,"file":"C:\\Users\\Lenovo\\Desktop\\Student-Attendance-System\\Back-end\\node_modules\\ts-node\\src\\index.ts","function":"createTSError","line":859,"method":null,"native":false},{"column":19,"file":"C:\\Users\\Lenovo\\Desktop\\Student-Attendance-System\\Back-end\\node_modules\\ts-node\\src\\index.ts","function":"reportTSError","line":863,"method":null,"native":false},{"column":36,"file":"C:\\Users\\Lenovo\\Desktop\\Student-Attendance-System\\Back-end\\node_modules\\ts-node\\src\\index.ts","function":"getOutput","line":1077,"method":null,"native":false},{"column":41,"file":"C:\\Users\\Lenovo\\Desktop\\Student-Attendance-System\\Back-end\\node_modules\\ts-node\\src\\index.ts","function":"Object.compile","line":1433,"method":"compile","native":false},{"column":30,"file":"C:\\Users\\Lenovo\\Desktop\\Student-Attendance-System\\Back-end\\node_modules\\ts-node\\src\\index.ts","function":"Module.m._compile","line":1617,"method":"_compile","native":false},{"column":10,"file":"node:internal/modules/cjs/loader","function":null,"line":1893,"method":null,"native":false},{"column":12,"file":"C:\\Users\\Lenovo\\Desktop\\Student-Attendance-System\\Back-end\\node_modules\\ts-node\\src\\index.ts","function":"Object.require.extensions.<computed> [as .ts]","line":1621,"method":"ts]","native":false},{"column":32,"file":"node:internal/modules/cjs/loader","function":"Module.load","line":1480,"method":"load","native":false},{"column":12,"file":"node:internal/modules/cjs/loader","function":"Module._load","line":1299,"method":"_load","native":false},{"column":14,"file":"node:diagnostics_channel","function":"TracingChannel.traceSync","line":328,"method":"traceSync","native":false}]}
{"date":"Mon Feb 02 2026 10:20:17 GMT+0300 (Arabian Standard Time)","error":{"diagnosticCodes":[18047,18047]},"exception":true,"level":"error","message":"uncaughtException: ‚®Ø Unable to compile TypeScript:\n\u001b[96mcontrollers/QrcodeController.ts\u001b[0m:\u001b[93m243\u001b[0m:\u001b[93m22\u001b[0m - \u001b[91merror\u001b[0m\u001b[90m TS18047: \u001b[0m'student.department_id' is possibly 'null'.\r\n\r\n\u001b[7m243\u001b[0m         studentDept: student.department_id.toString(),\r\n\u001b[7m   \u001b[0m \u001b[91m                     ~~~~~~~~~~~~~~~~~~~~~\u001b[0m\r\n\u001b[96mcontrollers/QrcodeController.ts\u001b[0m:\u001b[93m244\u001b[0m:\u001b[93m23\u001b[0m - \u001b[91merror\u001b[0m\u001b[90m TS18047: \u001b[0m'student.stage_id' is possibly 'null'.\r\n\r\n\u001b[7m244\u001b[0m         studentStage: student.stage_id.toString(),\r\n\u001b[7m   \u001b[0m \u001b[91m                      ~~~~~~~~~~~~~~~~\u001b[0m\r\n\nTSError: ‚®Ø Unable to compile TypeScript:\n\u001b[96mcontrollers/QrcodeController.ts\u001b[0m:\u001b[93m243\u001b[0m:\u001b[93m22\u001b[0m - \u001b[91merror\u001b[0m\u001b[90m TS18047: \u001b[0m'student.department_id' is possibly 'null'.\r\n\r\n\u001b[7m243\u001b[0m         studentDept: student.department_id.toString(),\r\n\u001b[7m   \u001b[0m \u001b[91m                     ~~~~~~~~~~~~~~~~~~~~~\u001b[0m\r\n\u001b[96mcontrollers/QrcodeController.ts\u001b[0m:\u001b[93m244\u001b[0m:\u001b[93m23\u001b[0m - \u001b[91merror\u001b[0m\u001b[90m TS18047: \u001b[0m'student.stage_id' is possibly 'null'.\r\n\r\n\u001b[7m244\u001b[0m         studentStage: student.stage_id.toString(),\r\n\u001b[7m   \u001b[0m \u001b[91m                      ~~~~~~~~~~~~~~~~\u001b[0m\r\n\n    at createTSError (C:\\Users\\Lenovo\\Desktop\\Student-Attendance-System\\Back-end\\node_modules\\ts-node\\src\\index.ts:859:12)\n    at reportTSError (C:\\Users\\Lenovo\\Desktop\\Student-Attendance-System\\Back-end\\node_modules\\ts-node\\src\\index.ts:863:19)\n    at getOutput (C:\\Users\\Lenovo\\Desktop\\Student-Attendance-System\\Back-end\\node_modules\\ts-node\\src\\index.ts:1077:36)\n    at Object.compile (C:\\Users\\Lenovo\\Desktop\\Student-Attendance-System\\Back-end\\node_modules\\ts-node\\src\\index.ts:1433:41)\n    at Module.m._compile (C:\\Users\\Lenovo\\Desktop\\Student-Attendance-System\\Back-end\\node_modules\\ts-node\\src\\index.ts:1617:30)\n    at node:internal/modules/cjs/loader:1893:10\n    at Object.require.extensions.<computed> [as .ts] (C:\\Users\\Lenovo\\Desktop\\Student-Attendance-System\\Back-end\\node_modules\\ts-node\\src\\index.ts:1621:12)\n    at Module.load (node:internal/modules/cjs/loader:1480:32)\n    at Module._load (node:internal/modules/cjs/loader:1299:12)\n    at TracingChannel.traceSync (node:diagnostics_channel:328:14)","os":{"loadavg":[0,0,0],"uptime":878539.234},"process":{"argv":["C:\\Users\\Lenovo\\Desktop\\Student-Attendance-System\\Back-end\\node_modules\\ts-node\\dist\\bin.js","C:\\Users\\Lenovo\\Desktop\\Student-Attendance-System\\Back-end\\src\\server.ts"],"cwd":"C:\\Users\\Lenovo\\Desktop\\Student-Attendance-System\\Back-end","execPath":"C:\\Program Files\\nodejs\\node.exe","gid":null,"memoryUsage":{"arrayBuffers":8088723,"external":11718225,"heapTotal":2154799104,"heapUsed":2028774688,"rss":2272976896},"pid":35604,"uid":null,"version":"v24.10.0"},"stack":"TSError: ‚®Ø Unable to compile TypeScript:\n\u001b[96mcontrollers/QrcodeController.ts\u001b[0m:\u001b[93m243\u001b[0m:\u001b[93m22\u001b[0m - \u001b[91merror\u001b[0m\u001b[90m TS18047: \u001b[0m'student.department_id' is possibly 'null'.\r\n\r\n\u001b[7m243\u001b[0m         studentDept: student.department_id.toString(),\r\n\u001b[7m   \u001b[0m \u001b[91m                     ~~~~~~~~~~~~~~~~~~~~~\u001b[0m\r\n\u001b[96mcontrollers/QrcodeController.ts\u001b[0m:\u001b[93m244\u001b[0m:\u001b[93m23\u001b[0m - \u001b[91merror\u001b[0m\u001b[90m TS18047: \u001b[0m'student.stage_id' is possibly 'null'.\r\n\r\n\u001b[7m244\u001b[0m         studentStage: student.stage_id.toString(),\r\n\u001b[7m   \u001b[0m \u001b[91m                      ~~~~~~~~~~~~~~~~\u001b[0m\r\n\n    at createTSError (C:\\Users\\Lenovo\\Desktop\\Student-Attendance-System\\Back-end\\node_modules\\ts-node\\src\\index.ts:859:12)\n    at reportTSError (C:\\Users\\Lenovo\\Desktop\\Student-Attendance-System\\Back-end\\node_modules\\ts-node\\src\\index.ts:863:19)\n    at getOutput (C:\\Users\\Lenovo\\Desktop\\Student-Attendance-System\\Back-end\\node_modules\\ts-node\\src\\index.ts:1077:36)\n    at Object.compile (C:\\Users\\Lenovo\\Desktop\\Student-Attendance-System\\Back-end\\node_modules\\ts-node\\src\\index.ts:1433:41)\n    at Module.m._compile (C:\\Users\\Lenovo\\Desktop\\Student-Attendance-System\\Back-end\\node_modules\\ts-node\\src\\index.ts:1617:30)\n    at node:internal/modules/cjs/loader:1893:10\n    at Object.require.extensions.<computed> [as .ts] (C:\\Users\\Lenovo\\Desktop\\Student-Attendance-System\\Back-end\\node_modules\\ts-node\\src\\index.ts:1621:12)\n    at Module.load (node:internal/modules/cjs/loader:1480:32)\n    at Module._load (node:internal/modules/cjs/loader:1299:12)\n    at TracingChannel.traceSync (node:diagnostics_channel:328:14)","trace":[{"column":12,"file":"C:\\Users\\Lenovo\\Desktop\\Student-Attendance-System\\Back-end\\node_modules\\ts-node\\src\\index.ts","function":"createTSError","line":859,"method":null,"native":false},{"column":19,"file":"C:\\Users\\Lenovo\\Desktop\\Student-Attendance-System\\Back-end\\node_modules\\ts-node\\src\\index.ts","function":"reportTSError","line":863,"method":null,"native":false},{"column":36,"file":"C:\\Users\\Lenovo\\Desktop\\Student-Attendance-System\\Back-end\\node_modules\\ts-node\\src\\index.ts","function":"getOutput","line":1077,"method":null,"native":false},{"column":41,"file":"C:\\Users\\Lenovo\\Desktop\\Student-Attendance-System\\Back-end\\node_modules\\ts-node\\src\\index.ts","function":"Object.compile","line":1433,"method":"compile","native":false},{"column":30,"file":"C:\\Users\\Lenovo\\Desktop\\Student-Attendance-System\\Back-end\\node_modules\\ts-node\\src\\index.ts","function":"Module.m._compile","line":1617,"method":"_compile","native":false},{"column":10,"file":"node:internal/modules/cjs/loader","function":null,"line":1893,"method":null,"native":false},{"column":12,"file":"C:\\Users\\Lenovo\\Desktop\\Student-Attendance-System\\Back-end\\node_modules\\ts-node\\src\\index.ts","function":"Object.require.extensions.<computed> [as .ts]","line":1621,"method":"ts]","native":false},{"column":32,"file":"node:internal/modules/cjs/loader","function":"Module.load","line":1480,"method":"load","native":false},{"column":12,"file":"node:internal/modules/cjs/loader","function":"Module._load","line":1299,"method":"_load","native":false},{"column":14,"file":"node:diagnostics_channel","function":"TracingChannel.traceSync","line":328,"method":"traceSync","native":false}]}
{"date":"Tue Feb 03 2026 00:55:01 GMT+0300 (Arabian Standard Time)","error":{"diagnosticCodes":[2304,2304,1128,1128]},"exception":true,"level":"error","message":"uncaughtException: ‚®Ø Unable to compile TypeScript:\n\u001b[96mcontrollers/AuthController.ts\u001b[0m:\u001b[93m708\u001b[0m:\u001b[93m48\u001b[0m - \u001b[91merror\u001b[0m\u001b[90m TS2304: \u001b[0mCannot find name 'student'.\r\n\r\n\u001b[7m708\u001b[0m logger.info(`‚úÖ Password reset successful for ${student.email}`);\r\n\u001b[7m   \u001b[0m \u001b[91m                                               ~~~~~~~\u001b[0m\r\n\u001b[96mcontrollers/AuthController.ts\u001b[0m:\u001b[93m710\u001b[0m:\u001b[93m1\u001b[0m - \u001b[91merror\u001b[0m\u001b[90m TS2304: \u001b[0mCannot find name 'res'.\r\n\r\n\u001b[7m710\u001b[0m res.status(200).json({\r\n\u001b[7m   \u001b[0m \u001b[91m~~~\u001b[0m\r\n\u001b[96mcontrollers/AuthController.ts\u001b[0m:\u001b[93m714\u001b[0m:\u001b[93m1\u001b[0m - \u001b[91merror\u001b[0m\u001b[90m TS1128: \u001b[0mDeclaration or statement expected.\r\n\r\n\u001b[7m714\u001b[0m });\r\n\u001b[7m   \u001b[0m \u001b[91m~\u001b[0m\r\n\u001b[96mcontrollers/AuthController.ts\u001b[0m:\u001b[93m714\u001b[0m:\u001b[93m2\u001b[0m - \u001b[91merror\u001b[0m\u001b[90m TS1128: \u001b[0mDeclaration or statement expected.\r\n\r\n\u001b[7m714\u001b[0m });\r\n\u001b[7m   \u001b[0m \u001b[91m ~\u001b[0m\r\n\nTSError: ‚®Ø Unable to compile TypeScript:\n\u001b[96mcontrollers/AuthController.ts\u001b[0m:\u001b[93m708\u001b[0m:\u001b[93m48\u001b[0m - \u001b[91merror\u001b[0m\u001b[90m TS2304: \u001b[0mCannot find name 'student'.\r\n\r\n\u001b[7m708\u001b[0m logger.info(`‚úÖ Password reset successful for ${student.email}`);\r\n\u001b[7m   \u001b[0m \u001b[91m                                               ~~~~~~~\u001b[0m\r\n\u001b[96mcontrollers/AuthController.ts\u001b[0m:\u001b[93m710\u001b[0m:\u001b[93m1\u001b[0m - \u001b[91merror\u001b[0m\u001b[90m TS2304: \u001b[0mCannot find name 'res'.\r\n\r\n\u001b[7m710\u001b[0m res.status(200).json({\r\n\u001b[7m   \u001b[0m \u001b[91m~~~\u001b[0m\r\n\u001b[96mcontrollers/AuthController.ts\u001b[0m:\u001b[93m714\u001b[0m:\u001b[93m1\u001b[0m - \u001b[91merror\u001b[0m\u001b[90m TS1128: \u001b[0mDeclaration or statement expected.\r\n\r\n\u001b[7m714\u001b[0m });\r\n\u001b[7m   \u001b[0m \u001b[91m~\u001b[0m\r\n\u001b[96mcontrollers/AuthController.ts\u001b[0m:\u001b[93m714\u001b[0m:\u001b[93m2\u001b[0m - \u001b[91merror\u001b[0m\u001b[90m TS1128: \u001b[0mDeclaration or statement expected.\r\n\r\n\u001b[7m714\u001b[0m });\r\n\u001b[7m   \u001b[0m \u001b[91m ~\u001b[0m\r\n\n    at createTSError (C:\\Users\\Lenovo\\Desktop\\Student-Attendance-System\\Back-end\\node_modules\\ts-node\\src\\index.ts:859:12)\n    at reportTSError (C:\\Users\\Lenovo\\Desktop\\Student-Attendance-System\\Back-end\\node_modules\\ts-node\\src\\index.ts:863:19)\n    at getOutput (C:\\Users\\Lenovo\\Desktop\\Student-Attendance-System\\Back-end\\node_modules\\ts-node\\src\\index.ts:1077:36)\n    at Object.compile (C:\\Users\\Lenovo\\Desktop\\Student-Attendance-System\\Back-end\\node_modules\\ts-node\\src\\index.ts:1433:41)\n    at Module.m._compile (C:\\Users\\Lenovo\\Desktop\\Student-Attendance-System\\Back-end\\node_modules\\ts-node\\src\\index.ts:1617:30)\n    at node:internal/modules/cjs/loader:1893:10\n    at Object.require.extensions.<computed> [as .ts] (C:\\Users\\Lenovo\\Desktop\\Student-Attendance-System\\Back-end\\node_modules\\ts-node\\src\\index.ts:1621:12)\n    at Module.load (node:internal/modules/cjs/loader:1480:32)\n    at Module._load (node:internal/modules/cjs/loader:1299:12)\n    at TracingChannel.traceSync (node:diagnostics_channel:328:14)","os":{"loadavg":[0,0,0],"uptime":931020.109},"process":{"argv":["C:\\Users\\Lenovo\\Desktop\\Student-Attendance-System\\Back-end\\node_modules\\ts-node\\dist\\bin.js","C:\\Users\\Lenovo\\Desktop\\Student-Attendance-System\\Back-end\\src\\server.ts"],"cwd":"C:\\Users\\Lenovo\\Desktop\\Student-Attendance-System\\Back-end","execPath":"C:\\Program Files\\nodejs\\node.exe","gid":null,"memoryUsage":{"arrayBuffers":6821412,"external":10001076,"heapTotal":2059079680,"heapUsed":1928425928,"rss":2168442880},"pid":58904,"uid":null,"version":"v24.10.0"},"stack":"TSError: ‚®Ø Unable to compile TypeScript:\n\u001b[96mcontrollers/AuthController.ts\u001b[0m:\u001b[93m708\u001b[0m:\u001b[93m48\u001b[0m - \u001b[91merror\u001b[0m\u001b[90m TS2304: \u001b[0mCannot find name 'student'.\r\n\r\n\u001b[7m708\u001b[0m logger.info(`‚úÖ Password reset successful for ${student.email}`);\r\n\u001b[7m   \u001b[0m \u001b[91m                                               ~~~~~~~\u001b[0m\r\n\u001b[96mcontrollers/AuthController.ts\u001b[0m:\u001b[93m710\u001b[0m:\u001b[93m1\u001b[0m - \u001b[91merror\u001b[0m\u001b[90m TS2304: \u001b[0mCannot find name 'res'.\r\n\r\n\u001b[7m710\u001b[0m res.status(200).json({\r\n\u001b[7m   \u001b[0m \u001b[91m~~~\u001b[0m\r\n\u001b[96mcontrollers/AuthController.ts\u001b[0m:\u001b[93m714\u001b[0m:\u001b[93m1\u001b[0m - \u001b[91merror\u001b[0m\u001b[90m TS1128: \u001b[0mDeclaration or statement expected.\r\n\r\n\u001b[7m714\u001b[0m });\r\n\u001b[7m   \u001b[0m \u001b[91m~\u001b[0m\r\n\u001b[96mcontrollers/AuthController.ts\u001b[0m:\u001b[93m714\u001b[0m:\u001b[93m2\u001b[0m - \u001b[91merror\u001b[0m\u001b[90m TS1128: \u001b[0mDeclaration or statement expected.\r\n\r\n\u001b[7m714\u001b[0m });\r\n\u001b[7m   \u001b[0m \u001b[91m ~\u001b[0m\r\n\n    at createTSError (C:\\Users\\Lenovo\\Desktop\\Student-Attendance-System\\Back-end\\node_modules\\ts-node\\src\\index.ts:859:12)\n    at reportTSError (C:\\Users\\Lenovo\\Desktop\\Student-Attendance-System\\Back-end\\node_modules\\ts-node\\src\\index.ts:863:19)\n    at getOutput (C:\\Users\\Lenovo\\Desktop\\Student-Attendance-System\\Back-end\\node_modules\\ts-node\\src\\index.ts:1077:36)\n    at Object.compile (C:\\Users\\Lenovo\\Desktop\\Student-Attendance-System\\Back-end\\node_modules\\ts-node\\src\\index.ts:1433:41)\n    at Module.m._compile (C:\\Users\\Lenovo\\Desktop\\Student-Attendance-System\\Back-end\\node_modules\\ts-node\\src\\index.ts:1617:30)\n    at node:internal/modules/cjs/loader:1893:10\n    at Object.require.extensions.<computed> [as .ts] (C:\\Users\\Lenovo\\Desktop\\Student-Attendance-System\\Back-end\\node_modules\\ts-node\\src\\index.ts:1621:12)\n    at Module.load (node:internal/modules/cjs/loader:1480:32)\n    at Module._load (node:internal/modules/cjs/loader:1299:12)\n    at TracingChannel.traceSync (node:diagnostics_channel:328:14)","trace":[{"column":12,"file":"C:\\Users\\Lenovo\\Desktop\\Student-Attendance-System\\Back-end\\node_modules\\ts-node\\src\\index.ts","function":"createTSError","line":859,"method":null,"native":false},{"column":19,"file":"C:\\Users\\Lenovo\\Desktop\\Student-Attendance-System\\Back-end\\node_modules\\ts-node\\src\\index.ts","function":"reportTSError","line":863,"method":null,"native":false},{"column":36,"file":"C:\\Users\\Lenovo\\Desktop\\Student-Attendance-System\\Back-end\\node_modules\\ts-node\\src\\index.ts","function":"getOutput","line":1077,"method":null,"native":false},{"column":41,"file":"C:\\Users\\Lenovo\\Desktop\\Student-Attendance-System\\Back-end\\node_modules\\ts-node\\src\\index.ts","function":"Object.compile","line":1433,"method":"compile","native":false},{"column":30,"file":"C:\\Users\\Lenovo\\Desktop\\Student-Attendance-System\\Back-end\\node_modules\\ts-node\\src\\index.ts","function":"Module.m._compile","line":1617,"method":"_compile","native":false},{"column":10,"file":"node:internal/modules/cjs/loader","function":null,"line":1893,"method":null,"native":false},{"column":12,"file":"C:\\Users\\Lenovo\\Desktop\\Student-Attendance-System\\Back-end\\node_modules\\ts-node\\src\\index.ts","function":"Object.require.extensions.<computed> [as .ts]","line":1621,"method":"ts]","native":false},{"column":32,"file":"node:internal/modules/cjs/loader","function":"Module.load","line":1480,"method":"load","native":false},{"column":12,"file":"node:internal/modules/cjs/loader","function":"Module._load","line":1299,"method":"_load","native":false},{"column":14,"file":"node:diagnostics_channel","function":"TracingChannel.traceSync","line":328,"method":"traceSync","native":false}]}
{"date":"Tue Feb 03 2026 00:55:23 GMT+0300 (Arabian Standard Time)","error":{"diagnosticCodes":[1128,1128,1128,1128]},"exception":true,"level":"error","message":"uncaughtException: ‚®Ø Unable to compile TypeScript:\n\u001b[96mcontrollers/AuthController.ts\u001b[0m:\u001b[93m708\u001b[0m:\u001b[93m1\u001b[0m - \u001b[91merror\u001b[0m\u001b[90m TS1128: \u001b[0mDeclaration or statement expected.\r\n\r\n\u001b[7m708\u001b[0m });\r\n\u001b[7m   \u001b[0m \u001b[91m~\u001b[0m\r\n\u001b[96mcontrollers/AuthController.ts\u001b[0m:\u001b[93m708\u001b[0m:\u001b[93m2\u001b[0m - \u001b[91merror\u001b[0m\u001b[90m TS1128: \u001b[0mDeclaration or statement expected.\r\n\r\n\u001b[7m708\u001b[0m });\r\n\u001b[7m   \u001b[0m \u001b[91m ~\u001b[0m\r\n\u001b[96mcontrollers/AuthController.ts\u001b[0m:\u001b[93m709\u001b[0m:\u001b[93m1\u001b[0m - \u001b[91merror\u001b[0m\u001b[90m TS1128: \u001b[0mDeclaration or statement expected.\r\n\r\n\u001b[7m709\u001b[0m });\r\n\u001b[7m   \u001b[0m \u001b[91m~\u001b[0m\r\n\u001b[96mcontrollers/AuthController.ts\u001b[0m:\u001b[93m709\u001b[0m:\u001b[93m2\u001b[0m - \u001b[91merror\u001b[0m\u001b[90m TS1128: \u001b[0mDeclaration or statement expected.\r\n\r\n\u001b[7m709\u001b[0m });\r\n\u001b[7m   \u001b[0m \u001b[91m ~\u001b[0m\r\n\nTSError: ‚®Ø Unable to compile TypeScript:\n\u001b[96mcontrollers/AuthController.ts\u001b[0m:\u001b[93m708\u001b[0m:\u001b[93m1\u001b[0m - \u001b[91merror\u001b[0m\u001b[90m TS1128: \u001b[0mDeclaration or statement expected.\r\n\r\n\u001b[7m708\u001b[0m });\r\n\u001b[7m   \u001b[0m \u001b[91m~\u001b[0m\r\n\u001b[96mcontrollers/AuthController.ts\u001b[0m:\u001b[93m708\u001b[0m:\u001b[93m2\u001b[0m - \u001b[91merror\u001b[0m\u001b[90m TS1128: \u001b[0mDeclaration or statement expected.\r\n\r\n\u001b[7m708\u001b[0m });\r\n\u001b[7m   \u001b[0m \u001b[91m ~\u001b[0m\r\n\u001b[96mcontrollers/AuthController.ts\u001b[0m:\u001b[93m709\u001b[0m:\u001b[93m1\u001b[0m - \u001b[91merror\u001b[0m\u001b[90m TS1128: \u001b[0mDeclaration or statement expected.\r\n\r\n\u001b[7m709\u001b[0m });\r\n\u001b[7m   \u001b[0m \u001b[91m~\u001b[0m\r\n\u001b[96mcontrollers/AuthController.ts\u001b[0m:\u001b[93m709\u001b[0m:\u001b[93m2\u001b[0m - \u001b[91merror\u001b[0m\u001b[90m TS1128: \u001b[0mDeclaration or statement expected.\r\n\r\n\u001b[7m709\u001b[0m });\r\n\u001b[7m   \u001b[0m \u001b[91m ~\u001b[0m\r\n\n    at createTSError (C:\\Users\\Lenovo\\Desktop\\Student-Attendance-System\\Back-end\\node_modules\\ts-node\\src\\index.ts:859:12)\n    at reportTSError (C:\\Users\\Lenovo\\Desktop\\Student-Attendance-System\\Back-end\\node_modules\\ts-node\\src\\index.ts:863:19)\n    at getOutput (C:\\Users\\Lenovo\\Desktop\\Student-Attendance-System\\Back-end\\node_modules\\ts-node\\src\\index.ts:1077:36)\n    at Object.compile (C:\\Users\\Lenovo\\Desktop\\Student-Attendance-System\\Back-end\\node_modules\\ts-node\\src\\index.ts:1433:41)\n    at Module.m._compile (C:\\Users\\Lenovo\\Desktop\\Student-Attendance-System\\Back-end\\node_modules\\ts-node\\src\\index.ts:1617:30)\n    at node:internal/modules/cjs/loader:1893:10\n    at Object.require.extensions.<computed> [as .ts] (C:\\Users\\Lenovo\\Desktop\\Student-Attendance-System\\Back-end\\node_modules\\ts-node\\src\\index.ts:1621:12)\n    at Module.load (node:internal/modules/cjs/loader:1480:32)\n    at Module._load (node:internal/modules/cjs/loader:1299:12)\n    at TracingChannel.traceSync (node:diagnostics_channel:328:14)","os":{"loadavg":[0,0,0],"uptime":931042.64},"process":{"argv":["C:\\Users\\Lenovo\\Desktop\\Student-Attendance-System\\Back-end\\node_modules\\ts-node\\dist\\bin.js","C:\\Users\\Lenovo\\Desktop\\Student-Attendance-System\\Back-end\\src\\server.ts"],"cwd":"C:\\Users\\Lenovo\\Desktop\\Student-Attendance-System\\Back-end","execPath":"C:\\Program Files\\nodejs\\node.exe","gid":null,"memoryUsage":{"arrayBuffers":6832200,"external":9992748,"heapTotal":2052526080,"heapUsed":1978203208,"rss":2159980544},"pid":44152,"uid":null,"version":"v24.10.0"},"stack":"TSError: ‚®Ø Unable to compile TypeScript:\n\u001b[96mcontrollers/AuthController.ts\u001b[0m:\u001b[93m708\u001b[0m:\u001b[93m1\u001b[0m - \u001b[91merror\u001b[0m\u001b[90m TS1128: \u001b[0mDeclaration or statement expected.\r\n\r\n\u001b[7m708\u001b[0m });\r\n\u001b[7m   \u001b[0m \u001b[91m~\u001b[0m\r\n\u001b[96mcontrollers/AuthController.ts\u001b[0m:\u001b[93m708\u001b[0m:\u001b[93m2\u001b[0m - \u001b[91merror\u001b[0m\u001b[90m TS1128: \u001b[0mDeclaration or statement expected.\r\n\r\n\u001b[7m708\u001b[0m });\r\n\u001b[7m   \u001b[0m \u001b[91m ~\u001b[0m\r\n\u001b[96mcontrollers/AuthController.ts\u001b[0m:\u001b[93m709\u001b[0m:\u001b[93m1\u001b[0m - \u001b[91merror\u001b[0m\u001b[90m TS1128: \u001b[0mDeclaration or statement expected.\r\n\r\n\u001b[7m709\u001b[0m });\r\n\u001b[7m   \u001b[0m \u001b[91m~\u001b[0m\r\n\u001b[96mcontrollers/AuthController.ts\u001b[0m:\u001b[93m709\u001b[0m:\u001b[93m2\u001b[0m - \u001b[91merror\u001b[0m\u001b[90m TS1128: \u001b[0mDeclaration or statement expected.\r\n\r\n\u001b[7m709\u001b[0m });\r\n\u001b[7m   \u001b[0m \u001b[91m ~\u001b[0m\r\n\n    at createTSError (C:\\Users\\Lenovo\\Desktop\\Student-Attendance-System\\Back-end\\node_modules\\ts-node\\src\\index.ts:859:12)\n    at reportTSError (C:\\Users\\Lenovo\\Desktop\\Student-Attendance-System\\Back-end\\node_modules\\ts-node\\src\\index.ts:863:19)\n    at getOutput (C:\\Users\\Lenovo\\Desktop\\Student-Attendance-System\\Back-end\\node_modules\\ts-node\\src\\index.ts:1077:36)\n    at Object.compile (C:\\Users\\Lenovo\\Desktop\\Student-Attendance-System\\Back-end\\node_modules\\ts-node\\src\\index.ts:1433:41)\n    at Module.m._compile (C:\\Users\\Lenovo\\Desktop\\Student-Attendance-System\\Back-end\\node_modules\\ts-node\\src\\index.ts:1617:30)\n    at node:internal/modules/cjs/loader:1893:10\n    at Object.require.extensions.<computed> [as .ts] (C:\\Users\\Lenovo\\Desktop\\Student-Attendance-System\\Back-end\\node_modules\\ts-node\\src\\index.ts:1621:12)\n    at Module.load (node:internal/modules/cjs/loader:1480:32)\n    at Module._load (node:internal/modules/cjs/loader:1299:12)\n    at TracingChannel.traceSync (node:diagnostics_channel:328:14)","trace":[{"column":12,"file":"C:\\Users\\Lenovo\\Desktop\\Student-Attendance-System\\Back-end\\node_modules\\ts-node\\src\\index.ts","function":"createTSError","line":859,"method":null,"native":false},{"column":19,"file":"C:\\Users\\Lenovo\\Desktop\\Student-Attendance-System\\Back-end\\node_modules\\ts-node\\src\\index.ts","function":"reportTSError","line":863,"method":null,"native":false},{"column":36,"file":"C:\\Users\\Lenovo\\Desktop\\Student-Attendance-System\\Back-end\\node_modules\\ts-node\\src\\index.ts","function":"getOutput","line":1077,"method":null,"native":false},{"column":41,"file":"C:\\Users\\Lenovo\\Desktop\\Student-Attendance-System\\Back-end\\node_modules\\ts-node\\src\\index.ts","function":"Object.compile","line":1433,"method":"compile","native":false},{"column":30,"file":"C:\\Users\\Lenovo\\Desktop\\Student-Attendance-System\\Back-end\\node_modules\\ts-node\\src\\index.ts","function":"Module.m._compile","line":1617,"method":"_compile","native":false},{"column":10,"file":"node:internal/modules/cjs/loader","function":null,"line":1893,"method":null,"native":false},{"column":12,"file":"C:\\Users\\Lenovo\\Desktop\\Student-Attendance-System\\Back-end\\node_modules\\ts-node\\src\\index.ts","function":"Object.require.extensions.<computed> [as .ts]","line":1621,"method":"ts]","native":false},{"column":32,"file":"node:internal/modules/cjs/loader","function":"Module.load","line":1480,"method":"load","native":false},{"column":12,"file":"node:internal/modules/cjs/loader","function":"Module._load","line":1299,"method":"_load","native":false},{"column":14,"file":"node:diagnostics_channel","function":"TracingChannel.traceSync","line":328,"method":"traceSync","native":false}]}
{"date":"Tue Feb 03 2026 00:56:29 GMT+0300 (Arabian Standard Time)","error":{"diagnosticCodes":[1128,1128,1128,1128]},"exception":true,"level":"error","message":"uncaughtException: ‚®Ø Unable to compile TypeScript:\n\u001b[96mcontrollers/AuthController.ts\u001b[0m:\u001b[93m708\u001b[0m:\u001b[93m1\u001b[0m - \u001b[91merror\u001b[0m\u001b[90m TS1128: \u001b[0mDeclaration or statement expected.\r\n\r\n\u001b[7m708\u001b[0m });\r\n\u001b[7m   \u001b[0m \u001b[91m~\u001b[0m\r\n\u001b[96mcontrollers/AuthController.ts\u001b[0m:\u001b[93m708\u001b[0m:\u001b[93m2\u001b[0m - \u001b[91merror\u001b[0m\u001b[90m TS1128: \u001b[0mDeclaration or statement expected.\r\n\r\n\u001b[7m708\u001b[0m });\r\n\u001b[7m   \u001b[0m \u001b[91m ~\u001b[0m\r\n\u001b[96mcontrollers/AuthController.ts\u001b[0m:\u001b[93m709\u001b[0m:\u001b[93m1\u001b[0m - \u001b[91merror\u001b[0m\u001b[90m TS1128: \u001b[0mDeclaration or statement expected.\r\n\r\n\u001b[7m709\u001b[0m });\r\n\u001b[7m   \u001b[0m \u001b[91m~\u001b[0m\r\n\u001b[96mcontrollers/AuthController.ts\u001b[0m:\u001b[93m709\u001b[0m:\u001b[93m2\u001b[0m - \u001b[91merror\u001b[0m\u001b[90m TS1128: \u001b[0mDeclaration or statement expected.\r\n\r\n\u001b[7m709\u001b[0m });\r\n\u001b[7m   \u001b[0m \u001b[91m ~\u001b[0m\r\n\nTSError: ‚®Ø Unable to compile TypeScript:\n\u001b[96mcontrollers/AuthController.ts\u001b[0m:\u001b[93m708\u001b[0m:\u001b[93m1\u001b[0m - \u001b[91merror\u001b[0m\u001b[90m TS1128: \u001b[0mDeclaration or statement expected.\r\n\r\n\u001b[7m708\u001b[0m });\r\n\u001b[7m   \u001b[0m \u001b[91m~\u001b[0m\r\n\u001b[96mcontrollers/AuthController.ts\u001b[0m:\u001b[93m708\u001b[0m:\u001b[93m2\u001b[0m - \u001b[91merror\u001b[0m\u001b[90m TS1128: \u001b[0mDeclaration or statement expected.\r\n\r\n\u001b[7m708\u001b[0m });\r\n\u001b[7m   \u001b[0m \u001b[91m ~\u001b[0m\r\n\u001b[96mcontrollers/AuthController.ts\u001b[0m:\u001b[93m709\u001b[0m:\u001b[93m1\u001b[0m - \u001b[91merror\u001b[0m\u001b[90m TS1128: \u001b[0mDeclaration or statement expected.\r\n\r\n\u001b[7m709\u001b[0m });\r\n\u001b[7m   \u001b[0m \u001b[91m~\u001b[0m\r\n\u001b[96mcontrollers/AuthController.ts\u001b[0m:\u001b[93m709\u001b[0m:\u001b[93m2\u001b[0m - \u001b[91merror\u001b[0m\u001b[90m TS1128: \u001b[0mDeclaration or statement expected.\r\n\r\n\u001b[7m709\u001b[0m });\r\n\u001b[7m   \u001b[0m \u001b[91m ~\u001b[0m\r\n\n    at createTSError (C:\\Users\\Lenovo\\Desktop\\Student-Attendance-System\\Back-end\\node_modules\\ts-node\\src\\index.ts:859:12)\n    at reportTSError (C:\\Users\\Lenovo\\Desktop\\Student-Attendance-System\\Back-end\\node_modules\\ts-node\\src\\index.ts:863:19)\n    at getOutput (C:\\Users\\Lenovo\\Desktop\\Student-Attendance-System\\Back-end\\node_modules\\ts-node\\src\\index.ts:1077:36)\n    at Object.compile (C:\\Users\\Lenovo\\Desktop\\Student-Attendance-System\\Back-end\\node_modules\\ts-node\\src\\index.ts:1433:41)\n    at Module.m._compile (C:\\Users\\Lenovo\\Desktop\\Student-Attendance-System\\Back-end\\node_modules\\ts-node\\src\\index.ts:1617:30)\n    at node:internal/modules/cjs/loader:1893:10\n    at Object.require.extensions.<computed> [as .ts] (C:\\Users\\Lenovo\\Desktop\\Student-Attendance-System\\Back-end\\node_modules\\ts-node\\src\\index.ts:1621:12)\n    at Module.load (node:internal/modules/cjs/loader:1480:32)\n    at Module._load (node:internal/modules/cjs/loader:1299:12)\n    at TracingChannel.traceSync (node:diagnostics_channel:328:14)","os":{"loadavg":[0,0,0],"uptime":931108.109},"process":{"argv":["C:\\Users\\Lenovo\\Desktop\\Student-Attendance-System\\Back-end\\node_modules\\ts-node\\dist\\bin.js","C:\\Users\\Lenovo\\Desktop\\Student-Attendance-System\\Back-end\\src\\server.ts"],"cwd":"C:\\Users\\Lenovo\\Desktop\\Student-Attendance-System\\Back-end","execPath":"C:\\Program Files\\nodejs\\node.exe","gid":null,"memoryUsage":{"arrayBuffers":7159739,"external":10320287,"heapTotal":2052788224,"heapUsed":1973927224,"rss":2162368512},"pid":70520,"uid":null,"version":"v24.10.0"},"stack":"TSError: ‚®Ø Unable to compile TypeScript:\n\u001b[96mcontrollers/AuthController.ts\u001b[0m:\u001b[93m708\u001b[0m:\u001b[93m1\u001b[0m - \u001b[91merror\u001b[0m\u001b[90m TS1128: \u001b[0mDeclaration or statement expected.\r\n\r\n\u001b[7m708\u001b[0m });\r\n\u001b[7m   \u001b[0m \u001b[91m~\u001b[0m\r\n\u001b[96mcontrollers/AuthController.ts\u001b[0m:\u001b[93m708\u001b[0m:\u001b[93m2\u001b[0m - \u001b[91merror\u001b[0m\u001b[90m TS1128: \u001b[0mDeclaration or statement expected.\r\n\r\n\u001b[7m708\u001b[0m });\r\n\u001b[7m   \u001b[0m \u001b[91m ~\u001b[0m\r\n\u001b[96mcontrollers/AuthController.ts\u001b[0m:\u001b[93m709\u001b[0m:\u001b[93m1\u001b[0m - \u001b[91merror\u001b[0m\u001b[90m TS1128: \u001b[0mDeclaration or statement expected.\r\n\r\n\u001b[7m709\u001b[0m });\r\n\u001b[7m   \u001b[0m \u001b[91m~\u001b[0m\r\n\u001b[96mcontrollers/AuthController.ts\u001b[0m:\u001b[93m709\u001b[0m:\u001b[93m2\u001b[0m - \u001b[91merror\u001b[0m\u001b[90m TS1128: \u001b[0mDeclaration or statement expected.\r\n\r\n\u001b[7m709\u001b[0m });\r\n\u001b[7m   \u001b[0m \u001b[91m ~\u001b[0m\r\n\n    at createTSError (C:\\Users\\Lenovo\\Desktop\\Student-Attendance-System\\Back-end\\node_modules\\ts-node\\src\\index.ts:859:12)\n    at reportTSError (C:\\Users\\Lenovo\\Desktop\\Student-Attendance-System\\Back-end\\node_modules\\ts-node\\src\\index.ts:863:19)\n    at getOutput (C:\\Users\\Lenovo\\Desktop\\Student-Attendance-System\\Back-end\\node_modules\\ts-node\\src\\index.ts:1077:36)\n    at Object.compile (C:\\Users\\Lenovo\\Desktop\\Student-Attendance-System\\Back-end\\node_modules\\ts-node\\src\\index.ts:1433:41)\n    at Module.m._compile (C:\\Users\\Lenovo\\Desktop\\Student-Attendance-System\\Back-end\\node_modules\\ts-node\\src\\index.ts:1617:30)\n    at node:internal/modules/cjs/loader:1893:10\n    at Object.require.extensions.<computed> [as .ts] (C:\\Users\\Lenovo\\Desktop\\Student-Attendance-System\\Back-end\\node_modules\\ts-node\\src\\index.ts:1621:12)\n    at Module.load (node:internal/modules/cjs/loader:1480:32)\n    at Module._load (node:internal/modules/cjs/loader:1299:12)\n    at TracingChannel.traceSync (node:diagnostics_channel:328:14)","trace":[{"column":12,"file":"C:\\Users\\Lenovo\\Desktop\\Student-Attendance-System\\Back-end\\node_modules\\ts-node\\src\\index.ts","function":"createTSError","line":859,"method":null,"native":false},{"column":19,"file":"C:\\Users\\Lenovo\\Desktop\\Student-Attendance-System\\Back-end\\node_modules\\ts-node\\src\\index.ts","function":"reportTSError","line":863,"method":null,"native":false},{"column":36,"file":"C:\\Users\\Lenovo\\Desktop\\Student-Attendance-System\\Back-end\\node_modules\\ts-node\\src\\index.ts","function":"getOutput","line":1077,"method":null,"native":false},{"column":41,"file":"C:\\Users\\Lenovo\\Desktop\\Student-Attendance-System\\Back-end\\node_modules\\ts-node\\src\\index.ts","function":"Object.compile","line":1433,"method":"compile","native":false},{"column":30,"file":"C:\\Users\\Lenovo\\Desktop\\Student-Attendance-System\\Back-end\\node_modules\\ts-node\\src\\index.ts","function":"Module.m._compile","line":1617,"method":"_compile","native":false},{"column":10,"file":"node:internal/modules/cjs/loader","function":null,"line":1893,"method":null,"native":false},{"column":12,"file":"C:\\Users\\Lenovo\\Desktop\\Student-Attendance-System\\Back-end\\node_modules\\ts-node\\src\\index.ts","function":"Object.require.extensions.<computed> [as .ts]","line":1621,"method":"ts]","native":false},{"column":32,"file":"node:internal/modules/cjs/loader","function":"Module.load","line":1480,"method":"load","native":false},{"column":12,"file":"node:internal/modules/cjs/loader","function":"Module._load","line":1299,"method":"_load","native":false},{"column":14,"file":"node:diagnostics_channel","function":"TracingChannel.traceSync","line":328,"method":"traceSync","native":false}]}
{"date":"Fri Feb 13 2026 16:44:50 GMT+0300 (Arabian Standard Time)","error":{"diagnosticCodes":[2339]},"exception":true,"level":"error","message":"uncaughtException: ‚®Ø Unable to compile TypeScript:\n\u001b[96mservices/PromotionService.ts\u001b[0m:\u001b[93m170\u001b[0m:\u001b[93m20\u001b[0m - \u001b[91merror\u001b[0m\u001b[90m TS2339: \u001b[0mProperty 'getDefaultConfig' does not exist on type 'typeof PromotionService'.\r\n\r\n\u001b[7m170\u001b[0m             : this.getDefaultConfig();\r\n\u001b[7m   \u001b[0m \u001b[91m                   ~~~~~~~~~~~~~~~~\u001b[0m\r\n\nTSError: ‚®Ø Unable to compile TypeScript:\n\u001b[96mservices/PromotionService.ts\u001b[0m:\u001b[93m170\u001b[0m:\u001b[93m20\u001b[0m - \u001b[91merror\u001b[0m\u001b[90m TS2339: \u001b[0mProperty 'getDefaultConfig' does not exist on type 'typeof PromotionService'.\r\n\r\n\u001b[7m170\u001b[0m             : this.getDefaultConfig();\r\n\u001b[7m   \u001b[0m \u001b[91m                   ~~~~~~~~~~~~~~~~\u001b[0m\r\n\n    at createTSError (C:\\Users\\Lenovo\\Desktop\\system-attendnce\\Back-end\\node_modules\\ts-node\\src\\index.ts:859:12)\n    at reportTSError (C:\\Users\\Lenovo\\Desktop\\system-attendnce\\Back-end\\node_modules\\ts-node\\src\\index.ts:863:19)\n    at getOutput (C:\\Users\\Lenovo\\Desktop\\system-attendnce\\Back-end\\node_modules\\ts-node\\src\\index.ts:1077:36)\n    at Object.compile (C:\\Users\\Lenovo\\Desktop\\system-attendnce\\Back-end\\node_modules\\ts-node\\src\\index.ts:1433:41)\n    at Module.m._compile (C:\\Users\\Lenovo\\Desktop\\system-attendnce\\Back-end\\node_modules\\ts-node\\src\\index.ts:1617:30)\n    at node:internal/modules/cjs/loader:1893:10\n    at Object.require.extensions.<computed> [as .ts] (C:\\Users\\Lenovo\\Desktop\\system-attendnce\\Back-end\\node_modules\\ts-node\\src\\index.ts:1621:12)\n    at Module.load (node:internal/modules/cjs/loader:1480:32)\n    at Module._load (node:internal/modules/cjs/loader:1299:12)\n    at TracingChannel.traceSync (node:diagnostics_channel:328:14)","os":{"loadavg":[0,0,0],"uptime":1852001.109},"process":{"argv":["C:\\Users\\Lenovo\\Desktop\\system-attendnce\\Back-end\\node_modules\\ts-node\\dist\\bin.js","C:\\Users\\Lenovo\\Desktop\\system-attendnce\\Back-end\\src\\server.ts"],"cwd":"C:\\Users\\Lenovo\\Desktop\\system-attendnce\\Back-end","execPath":"C:\\Program Files\\nodejs\\node.exe","gid":null,"memoryUsage":{"arrayBuffers":6475783,"external":10103040,"heapTotal":2165166080,"heapUsed":2037603456,"rss":2270531584},"pid":4924,"uid":null,"version":"v24.10.0"},"stack":"TSError: ‚®Ø Unable to compile TypeScript:\n\u001b[96mservices/PromotionService.ts\u001b[0m:\u001b[93m170\u001b[0m:\u001b[93m20\u001b[0m - \u001b[91merror\u001b[0m\u001b[90m TS2339: \u001b[0mProperty 'getDefaultConfig' does not exist on type 'typeof PromotionService'.\r\n\r\n\u001b[7m170\u001b[0m             : this.getDefaultConfig();\r\n\u001b[7m   \u001b[0m \u001b[91m                   ~~~~~~~~~~~~~~~~\u001b[0m\r\n\n    at createTSError (C:\\Users\\Lenovo\\Desktop\\system-attendnce\\Back-end\\node_modules\\ts-node\\src\\index.ts:859:12)\n    at reportTSError (C:\\Users\\Lenovo\\Desktop\\system-attendnce\\Back-end\\node_modules\\ts-node\\src\\index.ts:863:19)\n    at getOutput (C:\\Users\\Lenovo\\Desktop\\system-attendnce\\Back-end\\node_modules\\ts-node\\src\\index.ts:1077:36)\n    at Object.compile (C:\\Users\\Lenovo\\Desktop\\system-attendnce\\Back-end\\node_modules\\ts-node\\src\\index.ts:1433:41)\n    at Module.m._compile (C:\\Users\\Lenovo\\Desktop\\system-attendnce\\Back-end\\node_modules\\ts-node\\src\\index.ts:1617:30)\n    at node:internal/modules/cjs/loader:1893:10\n    at Object.require.extensions.<computed> [as .ts] (C:\\Users\\Lenovo\\Desktop\\system-attendnce\\Back-end\\node_modules\\ts-node\\src\\index.ts:1621:12)\n    at Module.load (node:internal/modules/cjs/loader:1480:32)\n    at Module._load (node:internal/modules/cjs/loader:1299:12)\n    at TracingChannel.traceSync (node:diagnostics_channel:328:14)","trace":[{"column":12,"file":"C:\\Users\\Lenovo\\Desktop\\system-attendnce\\Back-end\\node_modules\\ts-node\\src\\index.ts","function":"createTSError","line":859,"method":null,"native":false},{"column":19,"file":"C:\\Users\\Lenovo\\Desktop\\system-attendnce\\Back-end\\node_modules\\ts-node\\src\\index.ts","function":"reportTSError","line":863,"method":null,"native":false},{"column":36,"file":"C:\\Users\\Lenovo\\Desktop\\system-attendnce\\Back-end\\node_modules\\ts-node\\src\\index.ts","function":"getOutput","line":1077,"method":null,"native":false},{"column":41,"file":"C:\\Users\\Lenovo\\Desktop\\system-attendnce\\Back-end\\node_modules\\ts-node\\src\\index.ts","function":"Object.compile","line":1433,"method":"compile","native":false},{"column":30,"file":"C:\\Users\\Lenovo\\Desktop\\system-attendnce\\Back-end\\node_modules\\ts-node\\src\\index.ts","function":"Module.m._compile","line":1617,"method":"_compile","native":false},{"column":10,"file":"node:internal/modules/cjs/loader","function":null,"line":1893,"method":null,"native":false},{"column":12,"file":"C:\\Users\\Lenovo\\Desktop\\system-attendnce\\Back-end\\node_modules\\ts-node\\src\\index.ts","function":"Object.require.extensions.<computed> [as .ts]","line":1621,"method":"ts]","native":false},{"column":32,"file":"node:internal/modules/cjs/loader","function":"Module.load","line":1480,"method":"load","native":false},{"column":12,"file":"node:internal/modules/cjs/loader","function":"Module._load","line":1299,"method":"_load","native":false},{"column":14,"file":"node:diagnostics_channel","function":"TracingChannel.traceSync","line":328,"method":"traceSync","native":false}]}
{"date":"Fri Feb 13 2026 16:46:58 GMT+0300 (Arabian Standard Time)","error":{"code":"MODULE_NOT_FOUND","requireStack":["C:\\Users\\Lenovo\\Desktop\\system-attendnce\\Back-end\\controllers\\EnrollmentController.ts","C:\\Users\\Lenovo\\Desktop\\system-attendnce\\Back-end\\routes\\enrollmentRoutes.ts","C:\\Users\\Lenovo\\Desktop\\system-attendnce\\Back-end\\src\\app.ts","C:\\Users\\Lenovo\\Desktop\\system-attendnce\\Back-end\\src\\server.ts"]},"exception":true,"level":"error","message":"uncaughtException: Cannot find module '../services/PromotionService.js'\nRequire stack:\n- C:\\Users\\Lenovo\\Desktop\\system-attendnce\\Back-end\\controllers\\EnrollmentController.ts\n- C:\\Users\\Lenovo\\Desktop\\system-attendnce\\Back-end\\routes\\enrollmentRoutes.ts\n- C:\\Users\\Lenovo\\Desktop\\system-attendnce\\Back-end\\src\\app.ts\n- C:\\Users\\Lenovo\\Desktop\\system-attendnce\\Back-end\\src\\server.ts\nError: Cannot find module '../services/PromotionService.js'\nRequire stack:\n- C:\\Users\\Lenovo\\Desktop\\system-attendnce\\Back-end\\controllers\\EnrollmentController.ts\n- C:\\Users\\Lenovo\\Desktop\\system-attendnce\\Back-end\\routes\\enrollmentRoutes.ts\n- C:\\Users\\Lenovo\\Desktop\\system-attendnce\\Back-end\\src\\app.ts\n- C:\\Users\\Lenovo\\Desktop\\system-attendnce\\Back-end\\src\\server.ts\n    at Module.<anonymous> (node:internal/modules/cjs/loader:1420:15)\n    at Module._resolveFilename.sharedData.moduleResolveFilenameHook.installedValue [as _resolveFilename] (C:\\Users\\Lenovo\\Desktop\\system-attendnce\\Back-end\\node_modules\\@cspotcode\\source-map-support\\source-map-support.js:811:30)\n    at defaultResolveImpl (node:internal/modules/cjs/loader:1058:19)\n    at resolveForCJSWithHooks (node:internal/modules/cjs/loader:1063:22)\n    at Module._load (node:internal/modules/cjs/loader:1226:37)\n    at TracingChannel.traceSync (node:diagnostics_channel:328:14)\n    at wrapModuleLoad (node:internal/modules/cjs/loader:244:24)\n    at Module.require (node:internal/modules/cjs/loader:1503:12)\n    at require (node:internal/modules/helpers:152:16)\n    at Object.<anonymous> (C:\\Users\\Lenovo\\Desktop\\system-attendnce\\Back-end\\controllers\\EnrollmentController.ts:3:1)","os":{"loadavg":[0,0,0],"uptime":1852128.64},"process":{"argv":["C:\\Users\\Lenovo\\Desktop\\system-attendnce\\Back-end\\node_modules\\ts-node\\dist\\bin.js","C:\\Users\\Lenovo\\Desktop\\system-attendnce\\Back-end\\src\\server.ts"],"cwd":"C:\\Users\\Lenovo\\Desktop\\system-attendnce\\Back-end","execPath":"C:\\Program Files\\nodejs\\node.exe","gid":null,"memoryUsage":{"arrayBuffers":6876168,"external":10431978,"heapTotal":2174476288,"heapUsed":2048078176,"rss":2279550976},"pid":20256,"uid":null,"version":"v24.10.0"},"stack":"Error: Cannot find module '../services/PromotionService.js'\nRequire stack:\n- C:\\Users\\Lenovo\\Desktop\\system-attendnce\\Back-end\\controllers\\EnrollmentController.ts\n- C:\\Users\\Lenovo\\Desktop\\system-attendnce\\Back-end\\routes\\enrollmentRoutes.ts\n- C:\\Users\\Lenovo\\Desktop\\system-attendnce\\Back-end\\src\\app.ts\n- C:\\Users\\Lenovo\\Desktop\\system-attendnce\\Back-end\\src\\server.ts\n    at Module.<anonymous> (node:internal/modules/cjs/loader:1420:15)\n    at Module._resolveFilename.sharedData.moduleResolveFilenameHook.installedValue [as _resolveFilename] (C:\\Users\\Lenovo\\Desktop\\system-attendnce\\Back-end\\node_modules\\@cspotcode\\source-map-support\\source-map-support.js:811:30)\n    at defaultResolveImpl (node:internal/modules/cjs/loader:1058:19)\n    at resolveForCJSWithHooks (node:internal/modules/cjs/loader:1063:22)\n    at Module._load (node:internal/modules/cjs/loader:1226:37)\n    at TracingChannel.traceSync (node:diagnostics_channel:328:14)\n    at wrapModuleLoad (node:internal/modules/cjs/loader:244:24)\n    at Module.require (node:internal/modules/cjs/loader:1503:12)\n    at require (node:internal/modules/helpers:152:16)\n    at Object.<anonymous> (C:\\Users\\Lenovo\\Desktop\\system-attendnce\\Back-end\\controllers\\EnrollmentController.ts:3:1)","trace":[{"column":15,"file":"node:internal/modules/cjs/loader","function":null,"line":1420,"method":null,"native":false},{"column":30,"file":"C:\\Users\\Lenovo\\Desktop\\system-attendnce\\Back-end\\node_modules\\@cspotcode\\source-map-support\\source-map-support.js","function":"Module._resolveFilename.sharedData.moduleResolveFilenameHook.installedValue [as _resolveFilename]","line":811,"method":"installedValue [as _resolveFilename]","native":false},{"column":19,"file":"node:internal/modules/cjs/loader","function":"defaultResolveImpl","line":1058,"method":null,"native":false},{"column":22,"file":"node:internal/modules/cjs/loader","function":"resolveForCJSWithHooks","line":1063,"method":null,"native":false},{"column":37,"file":"node:internal/modules/cjs/loader","function":"Module._load","line":1226,"method":"_load","native":false},{"column":14,"file":"node:diagnostics_channel","function":"TracingChannel.traceSync","line":328,"method":"traceSync","native":false},{"column":24,"file":"node:internal/modules/cjs/loader","function":"wrapModuleLoad","line":244,"method":null,"native":false},{"column":12,"file":"node:internal/modules/cjs/loader","function":"Module.require","line":1503,"method":"require","native":false},{"column":16,"file":"node:internal/modules/helpers","function":"require","line":152,"method":null,"native":false},{"column":1,"file":"C:\\Users\\Lenovo\\Desktop\\system-attendnce\\Back-end\\controllers\\EnrollmentController.ts","function":null,"line":3,"method":null,"native":false}]}
{"date":"Fri Feb 13 2026 16:52:25 GMT+0300 (Arabian Standard Time)","error":{"code":"MODULE_NOT_FOUND","requireStack":["C:\\Users\\Lenovo\\Desktop\\system-attendnce\\Back-end\\controllers\\EnrollmentController.ts","C:\\Users\\Lenovo\\Desktop\\system-attendnce\\Back-end\\routes\\enrollmentRoutes.ts","C:\\Users\\Lenovo\\Desktop\\system-attendnce\\Back-end\\src\\app.ts","C:\\Users\\Lenovo\\Desktop\\system-attendnce\\Back-end\\src\\server.ts"]},"exception":true,"level":"error","message":"uncaughtException: Cannot find module '../services/PromotionService.js'\nRequire stack:\n- C:\\Users\\Lenovo\\Desktop\\system-attendnce\\Back-end\\controllers\\EnrollmentController.ts\n- C:\\Users\\Lenovo\\Desktop\\system-attendnce\\Back-end\\routes\\enrollmentRoutes.ts\n- C:\\Users\\Lenovo\\Desktop\\system-attendnce\\Back-end\\src\\app.ts\n- C:\\Users\\Lenovo\\Desktop\\system-attendnce\\Back-end\\src\\server.ts\nError: Cannot find module '../services/PromotionService.js'\nRequire stack:\n- C:\\Users\\Lenovo\\Desktop\\system-attendnce\\Back-end\\controllers\\EnrollmentController.ts\n- C:\\Users\\Lenovo\\Desktop\\system-attendnce\\Back-end\\routes\\enrollmentRoutes.ts\n- C:\\Users\\Lenovo\\Desktop\\system-attendnce\\Back-end\\src\\app.ts\n- C:\\Users\\Lenovo\\Desktop\\system-attendnce\\Back-end\\src\\server.ts\n    at Module.<anonymous> (node:internal/modules/cjs/loader:1420:15)\n    at Module._resolveFilename.sharedData.moduleResolveFilenameHook.installedValue [as _resolveFilename] (C:\\Users\\Lenovo\\Desktop\\system-attendnce\\Back-end\\node_modules\\@cspotcode\\source-map-support\\source-map-support.js:811:30)\n    at defaultResolveImpl (node:internal/modules/cjs/loader:1058:19)\n    at resolveForCJSWithHooks (node:internal/modules/cjs/loader:1063:22)\n    at Module._load (node:internal/modules/cjs/loader:1226:37)\n    at TracingChannel.traceSync (node:diagnostics_channel:328:14)\n    at wrapModuleLoad (node:internal/modules/cjs/loader:244:24)\n    at Module.require (node:internal/modules/cjs/loader:1503:12)\n    at require (node:internal/modules/helpers:152:16)\n    at Object.<anonymous> (C:\\Users\\Lenovo\\Desktop\\system-attendnce\\Back-end\\controllers\\EnrollmentController.ts:3:1)","os":{"loadavg":[0,0,0],"uptime":1852456.296},"process":{"argv":["C:\\Users\\Lenovo\\Desktop\\system-attendnce\\Back-end\\node_modules\\ts-node\\dist\\bin.js","C:\\Users\\Lenovo\\Desktop\\system-attendnce\\Back-end\\src\\server.ts"],"cwd":"C:\\Users\\Lenovo\\Desktop\\system-attendnce\\Back-end","execPath":"C:\\Program Files\\nodejs\\node.exe","gid":null,"memoryUsage":{"arrayBuffers":6064405,"external":9620215,"heapTotal":2163204096,"heapUsed":2066083416,"rss":2267615232},"pid":28496,"uid":null,"version":"v24.10.0"},"stack":"Error: Cannot find module '../services/PromotionService.js'\nRequire stack:\n- C:\\Users\\Lenovo\\Desktop\\system-attendnce\\Back-end\\controllers\\EnrollmentController.ts\n- C:\\Users\\Lenovo\\Desktop\\system-attendnce\\Back-end\\routes\\enrollmentRoutes.ts\n- C:\\Users\\Lenovo\\Desktop\\system-attendnce\\Back-end\\src\\app.ts\n- C:\\Users\\Lenovo\\Desktop\\system-attendnce\\Back-end\\src\\server.ts\n    at Module.<anonymous> (node:internal/modules/cjs/loader:1420:15)\n    at Module._resolveFilename.sharedData.moduleResolveFilenameHook.installedValue [as _resolveFilename] (C:\\Users\\Lenovo\\Desktop\\system-attendnce\\Back-end\\node_modules\\@cspotcode\\source-map-support\\source-map-support.js:811:30)\n    at defaultResolveImpl (node:internal/modules/cjs/loader:1058:19)\n    at resolveForCJSWithHooks (node:internal/modules/cjs/loader:1063:22)\n    at Module._load (node:internal/modules/cjs/loader:1226:37)\n    at TracingChannel.traceSync (node:diagnostics_channel:328:14)\n    at wrapModuleLoad (node:internal/modules/cjs/loader:244:24)\n    at Module.require (node:internal/modules/cjs/loader:1503:12)\n    at require (node:internal/modules/helpers:152:16)\n    at Object.<anonymous> (C:\\Users\\Lenovo\\Desktop\\system-attendnce\\Back-end\\controllers\\EnrollmentController.ts:3:1)","trace":[{"column":15,"file":"node:internal/modules/cjs/loader","function":null,"line":1420,"method":null,"native":false},{"column":30,"file":"C:\\Users\\Lenovo\\Desktop\\system-attendnce\\Back-end\\node_modules\\@cspotcode\\source-map-support\\source-map-support.js","function":"Module._resolveFilename.sharedData.moduleResolveFilenameHook.installedValue [as _resolveFilename]","line":811,"method":"installedValue [as _resolveFilename]","native":false},{"column":19,"file":"node:internal/modules/cjs/loader","function":"defaultResolveImpl","line":1058,"method":null,"native":false},{"column":22,"file":"node:internal/modules/cjs/loader","function":"resolveForCJSWithHooks","line":1063,"method":null,"native":false},{"column":37,"file":"node:internal/modules/cjs/loader","function":"Module._load","line":1226,"method":"_load","native":false},{"column":14,"file":"node:diagnostics_channel","function":"TracingChannel.traceSync","line":328,"method":"traceSync","native":false},{"column":24,"file":"node:internal/modules/cjs/loader","function":"wrapModuleLoad","line":244,"method":null,"native":false},{"column":12,"file":"node:internal/modules/cjs/loader","function":"Module.require","line":1503,"method":"require","native":false},{"column":16,"file":"node:internal/modules/helpers","function":"require","line":152,"method":null,"native":false},{"column":1,"file":"C:\\Users\\Lenovo\\Desktop\\system-attendnce\\Back-end\\controllers\\EnrollmentController.ts","function":null,"line":3,"method":null,"native":false}]}
{"date":"Fri Feb 13 2026 17:02:49 GMT+0300 (Arabian Standard Time)","error":{"code":"MODULE_NOT_FOUND","requireStack":["C:\\Users\\Lenovo\\Desktop\\system-attendnce\\Back-end\\controllers\\EnrollmentController.ts","C:\\Users\\Lenovo\\Desktop\\system-attendnce\\Back-end\\routes\\enrollmentRoutes.ts","C:\\Users\\Lenovo\\Desktop\\system-attendnce\\Back-end\\src\\app.ts","C:\\Users\\Lenovo\\Desktop\\system-attendnce\\Back-end\\src\\server.ts"]},"exception":true,"level":"error","message":"uncaughtException: Cannot find module '../services/PromotionService.js'\nRequire stack:\n- C:\\Users\\Lenovo\\Desktop\\system-attendnce\\Back-end\\controllers\\EnrollmentController.ts\n- C:\\Users\\Lenovo\\Desktop\\system-attendnce\\Back-end\\routes\\enrollmentRoutes.ts\n- C:\\Users\\Lenovo\\Desktop\\system-attendnce\\Back-end\\src\\app.ts\n- C:\\Users\\Lenovo\\Desktop\\system-attendnce\\Back-end\\src\\server.ts\nError: Cannot find module '../services/PromotionService.js'\nRequire stack:\n- C:\\Users\\Lenovo\\Desktop\\system-attendnce\\Back-end\\controllers\\EnrollmentController.ts\n- C:\\Users\\Lenovo\\Desktop\\system-attendnce\\Back-end\\routes\\enrollmentRoutes.ts\n- C:\\Users\\Lenovo\\Desktop\\system-attendnce\\Back-end\\src\\app.ts\n- C:\\Users\\Lenovo\\Desktop\\system-attendnce\\Back-end\\src\\server.ts\n    at Module.<anonymous> (node:internal/modules/cjs/loader:1420:15)\n    at Module._resolveFilename.sharedData.moduleResolveFilenameHook.installedValue [as _resolveFilename] (C:\\Users\\Lenovo\\Desktop\\system-attendnce\\Back-end\\node_modules\\@cspotcode\\source-map-support\\source-map-support.js:811:30)\n    at defaultResolveImpl (node:internal/modules/cjs/loader:1058:19)\n    at resolveForCJSWithHooks (node:internal/modules/cjs/loader:1063:22)\n    at Module._load (node:internal/modules/cjs/loader:1226:37)\n    at TracingChannel.traceSync (node:diagnostics_channel:328:14)\n    at wrapModuleLoad (node:internal/modules/cjs/loader:244:24)\n    at Module.require (node:internal/modules/cjs/loader:1503:12)\n    at require (node:internal/modules/helpers:152:16)\n    at Object.<anonymous> (C:\\Users\\Lenovo\\Desktop\\system-attendnce\\Back-end\\controllers\\EnrollmentController.ts:3:1)","os":{"loadavg":[0,0,0],"uptime":1853080.062},"process":{"argv":["C:\\Users\\Lenovo\\Desktop\\system-attendnce\\Back-end\\node_modules\\ts-node\\dist\\bin.js","C:\\Users\\Lenovo\\Desktop\\system-attendnce\\Back-end\\src\\server.ts"],"cwd":"C:\\Users\\Lenovo\\Desktop\\system-attendnce\\Back-end","execPath":"C:\\Program Files\\nodejs\\node.exe","gid":null,"memoryUsage":{"arrayBuffers":6930400,"external":10486210,"heapTotal":2166611968,"heapUsed":2052013680,"rss":2271703040},"pid":38500,"uid":null,"version":"v24.10.0"},"stack":"Error: Cannot find module '../services/PromotionService.js'\nRequire stack:\n- C:\\Users\\Lenovo\\Desktop\\system-attendnce\\Back-end\\controllers\\EnrollmentController.ts\n- C:\\Users\\Lenovo\\Desktop\\system-attendnce\\Back-end\\routes\\enrollmentRoutes.ts\n- C:\\Users\\Lenovo\\Desktop\\system-attendnce\\Back-end\\src\\app.ts\n- C:\\Users\\Lenovo\\Desktop\\system-attendnce\\Back-end\\src\\server.ts\n    at Module.<anonymous> (node:internal/modules/cjs/loader:1420:15)\n    at Module._resolveFilename.sharedData.moduleResolveFilenameHook.installedValue [as _resolveFilename] (C:\\Users\\Lenovo\\Desktop\\system-attendnce\\Back-end\\node_modules\\@cspotcode\\source-map-support\\source-map-support.js:811:30)\n    at defaultResolveImpl (node:internal/modules/cjs/loader:1058:19)\n    at resolveForCJSWithHooks (node:internal/modules/cjs/loader:1063:22)\n    at Module._load (node:internal/modules/cjs/loader:1226:37)\n    at TracingChannel.traceSync (node:diagnostics_channel:328:14)\n    at wrapModuleLoad (node:internal/modules/cjs/loader:244:24)\n    at Module.require (node:internal/modules/cjs/loader:1503:12)\n    at require (node:internal/modules/helpers:152:16)\n    at Object.<anonymous> (C:\\Users\\Lenovo\\Desktop\\system-attendnce\\Back-end\\controllers\\EnrollmentController.ts:3:1)","trace":[{"column":15,"file":"node:internal/modules/cjs/loader","function":null,"line":1420,"method":null,"native":false},{"column":30,"file":"C:\\Users\\Lenovo\\Desktop\\system-attendnce\\Back-end\\node_modules\\@cspotcode\\source-map-support\\source-map-support.js","function":"Module._resolveFilename.sharedData.moduleResolveFilenameHook.installedValue [as _resolveFilename]","line":811,"method":"installedValue [as _resolveFilename]","native":false},{"column":19,"file":"node:internal/modules/cjs/loader","function":"defaultResolveImpl","line":1058,"method":null,"native":false},{"column":22,"file":"node:internal/modules/cjs/loader","function":"resolveForCJSWithHooks","line":1063,"method":null,"native":false},{"column":37,"file":"node:internal/modules/cjs/loader","function":"Module._load","line":1226,"method":"_load","native":false},{"column":14,"file":"node:diagnostics_channel","function":"TracingChannel.traceSync","line":328,"method":"traceSync","native":false},{"column":24,"file":"node:internal/modules/cjs/loader","function":"wrapModuleLoad","line":244,"method":null,"native":false},{"column":12,"file":"node:internal/modules/cjs/loader","function":"Module.require","line":1503,"method":"require","native":false},{"column":16,"file":"node:internal/modules/helpers","function":"require","line":152,"method":null,"native":false},{"column":1,"file":"C:\\Users\\Lenovo\\Desktop\\system-attendnce\\Back-end\\controllers\\EnrollmentController.ts","function":null,"line":3,"method":null,"native":false}]}
